<?xml version="1.0" encoding="UTF-8"?>
<testsuite xmlns:xsi="http://www.w3.org/2001/XMLSchema-instance" xsi:noNamespaceSchemaLocation="https://maven.apache.org/surefire/maven-surefire-plugin/xsd/surefire-test-report.xsd" name="com.manage.HmanageJavaApplicationTests" time="8.411" tests="1" errors="0" skipped="0" failures="0">
  <properties>
    <property name="sun.desktop" value="windows"/>
    <property name="awt.toolkit" value="sun.awt.windows.WToolkit"/>
    <property name="file.encoding.pkg" value="sun.io"/>
    <property name="java.specification.version" value="1.8"/>
    <property name="sun.cpu.isalist" value="amd64"/>
    <property name="sun.jnu.encoding" value="GBK"/>
    <property name="java.class.path" value="D:\IdeaProjects\hmanage\target\test-classes;D:\IdeaProjects\hmanage\target\classes;D:\develop\maven_repository\org\springframework\boot\spring-boot-starter-security\2.4.0\spring-boot-starter-security-2.4.0.jar;D:\develop\maven_repository\org\springframework\boot\spring-boot-starter\2.4.0\spring-boot-starter-2.4.0.jar;D:\develop\maven_repository\org\springframework\boot\spring-boot-starter-logging\2.4.0\spring-boot-starter-logging-2.4.0.jar;D:\develop\maven_repository\ch\qos\logback\logback-classic\1.2.3\logback-classic-1.2.3.jar;D:\develop\maven_repository\ch\qos\logback\logback-core\1.2.3\logback-core-1.2.3.jar;D:\develop\maven_repository\org\apache\logging\log4j\log4j-to-slf4j\2.13.3\log4j-to-slf4j-2.13.3.jar;D:\develop\maven_repository\org\apache\logging\log4j\log4j-api\2.13.3\log4j-api-2.13.3.jar;D:\develop\maven_repository\org\slf4j\jul-to-slf4j\1.7.30\jul-to-slf4j-1.7.30.jar;D:\develop\maven_repository\jakarta\annotation\jakarta.annotation-api\1.3.5\jakarta.annotation-api-1.3.5.jar;D:\develop\maven_repository\org\yaml\snakeyaml\1.27\snakeyaml-1.27.jar;D:\develop\maven_repository\org\springframework\spring-aop\5.3.1\spring-aop-5.3.1.jar;D:\develop\maven_repository\org\springframework\spring-beans\5.3.1\spring-beans-5.3.1.jar;D:\develop\maven_repository\org\springframework\security\spring-security-config\5.4.1\spring-security-config-5.4.1.jar;D:\develop\maven_repository\org\springframework\spring-context\5.3.1\spring-context-5.3.1.jar;D:\develop\maven_repository\org\springframework\security\spring-security-web\5.4.1\spring-security-web-5.4.1.jar;D:\develop\maven_repository\org\springframework\spring-expression\5.3.1\spring-expression-5.3.1.jar;D:\develop\maven_repository\org\springframework\boot\spring-boot-starter-web\2.4.0\spring-boot-starter-web-2.4.0.jar;D:\develop\maven_repository\org\springframework\boot\spring-boot-starter-json\2.4.0\spring-boot-starter-json-2.4.0.jar;D:\develop\maven_repository\com\fasterxml\jackson\core\jackson-databind\2.11.3\jackson-databind-2.11.3.jar;D:\develop\maven_repository\com\fasterxml\jackson\core\jackson-core\2.11.3\jackson-core-2.11.3.jar;D:\develop\maven_repository\com\fasterxml\jackson\datatype\jackson-datatype-jdk8\2.11.3\jackson-datatype-jdk8-2.11.3.jar;D:\develop\maven_repository\com\fasterxml\jackson\datatype\jackson-datatype-jsr310\2.11.3\jackson-datatype-jsr310-2.11.3.jar;D:\develop\maven_repository\com\fasterxml\jackson\module\jackson-module-parameter-names\2.11.3\jackson-module-parameter-names-2.11.3.jar;D:\develop\maven_repository\org\springframework\boot\spring-boot-starter-tomcat\2.4.0\spring-boot-starter-tomcat-2.4.0.jar;D:\develop\maven_repository\org\apache\tomcat\embed\tomcat-embed-core\9.0.39\tomcat-embed-core-9.0.39.jar;D:\develop\maven_repository\org\glassfish\jakarta.el\3.0.3\jakarta.el-3.0.3.jar;D:\develop\maven_repository\org\apache\tomcat\embed\tomcat-embed-websocket\9.0.39\tomcat-embed-websocket-9.0.39.jar;D:\develop\maven_repository\org\springframework\spring-web\5.3.1\spring-web-5.3.1.jar;D:\develop\maven_repository\org\springframework\spring-webmvc\5.3.1\spring-webmvc-5.3.1.jar;D:\develop\maven_repository\org\springframework\boot\spring-boot-devtools\2.4.0\spring-boot-devtools-2.4.0.jar;D:\develop\maven_repository\org\springframework\boot\spring-boot\2.4.0\spring-boot-2.4.0.jar;D:\develop\maven_repository\org\springframework\boot\spring-boot-autoconfigure\2.4.0\spring-boot-autoconfigure-2.4.0.jar;D:\develop\maven_repository\org\projectlombok\lombok\1.18.16\lombok-1.18.16.jar;D:\develop\maven_repository\org\springframework\boot\spring-boot-starter-test\2.4.0\spring-boot-starter-test-2.4.0.jar;D:\develop\maven_repository\org\springframework\boot\spring-boot-test\2.4.0\spring-boot-test-2.4.0.jar;D:\develop\maven_repository\org\springframework\boot\spring-boot-test-autoconfigure\2.4.0\spring-boot-test-autoconfigure-2.4.0.jar;D:\develop\maven_repository\com\jayway\jsonpath\json-path\2.4.0\json-path-2.4.0.jar;D:\develop\maven_repository\net\minidev\json-smart\2.3\json-smart-2.3.jar;D:\develop\maven_repository\net\minidev\accessors-smart\1.2\accessors-smart-1.2.jar;D:\develop\maven_repository\org\ow2\asm\asm\5.0.4\asm-5.0.4.jar;D:\develop\maven_repository\jakarta\xml\bind\jakarta.xml.bind-api\2.3.3\jakarta.xml.bind-api-2.3.3.jar;D:\develop\maven_repository\jakarta\activation\jakarta.activation-api\1.2.2\jakarta.activation-api-1.2.2.jar;D:\develop\maven_repository\org\assertj\assertj-core\3.18.1\assertj-core-3.18.1.jar;D:\develop\maven_repository\org\hamcrest\hamcrest\2.2\hamcrest-2.2.jar;D:\develop\maven_repository\org\junit\jupiter\junit-jupiter\5.7.0\junit-jupiter-5.7.0.jar;D:\develop\maven_repository\org\junit\jupiter\junit-jupiter-api\5.7.0\junit-jupiter-api-5.7.0.jar;D:\develop\maven_repository\org\junit\jupiter\junit-jupiter-params\5.7.0\junit-jupiter-params-5.7.0.jar;D:\develop\maven_repository\org\junit\jupiter\junit-jupiter-engine\5.7.0\junit-jupiter-engine-5.7.0.jar;D:\develop\maven_repository\org\mockito\mockito-core\3.6.0\mockito-core-3.6.0.jar;D:\develop\maven_repository\net\bytebuddy\byte-buddy\1.10.18\byte-buddy-1.10.18.jar;D:\develop\maven_repository\net\bytebuddy\byte-buddy-agent\1.10.18\byte-buddy-agent-1.10.18.jar;D:\develop\maven_repository\org\objenesis\objenesis\3.1\objenesis-3.1.jar;D:\develop\maven_repository\org\mockito\mockito-junit-jupiter\3.6.0\mockito-junit-jupiter-3.6.0.jar;D:\develop\maven_repository\org\skyscreamer\jsonassert\1.5.0\jsonassert-1.5.0.jar;D:\develop\maven_repository\com\vaadin\external\google\android-json\0.0.20131108.vaadin1\android-json-0.0.20131108.vaadin1.jar;D:\develop\maven_repository\org\springframework\spring-core\5.3.1\spring-core-5.3.1.jar;D:\develop\maven_repository\org\springframework\spring-jcl\5.3.1\spring-jcl-5.3.1.jar;D:\develop\maven_repository\org\springframework\spring-test\5.3.1\spring-test-5.3.1.jar;D:\develop\maven_repository\org\xmlunit\xmlunit-core\2.7.0\xmlunit-core-2.7.0.jar;D:\develop\maven_repository\org\springframework\security\spring-security-test\5.4.1\spring-security-test-5.4.1.jar;D:\develop\maven_repository\org\springframework\security\spring-security-core\5.4.1\spring-security-core-5.4.1.jar;D:\develop\maven_repository\mysql\mysql-connector-java\8.0.22\mysql-connector-java-8.0.22.jar;D:\develop\maven_repository\org\mybatis\spring\boot\mybatis-spring-boot-starter\2.0.1\mybatis-spring-boot-starter-2.0.1.jar;D:\develop\maven_repository\org\springframework\boot\spring-boot-starter-jdbc\2.4.0\spring-boot-starter-jdbc-2.4.0.jar;D:\develop\maven_repository\com\zaxxer\HikariCP\3.4.5\HikariCP-3.4.5.jar;D:\develop\maven_repository\org\springframework\spring-jdbc\5.3.1\spring-jdbc-5.3.1.jar;D:\develop\maven_repository\org\springframework\spring-tx\5.3.1\spring-tx-5.3.1.jar;D:\develop\maven_repository\org\mybatis\spring\boot\mybatis-spring-boot-autoconfigure\2.0.1\mybatis-spring-boot-autoconfigure-2.0.1.jar;D:\develop\maven_repository\org\mybatis\mybatis\3.5.1\mybatis-3.5.1.jar;D:\develop\maven_repository\org\mybatis\mybatis-spring\2.0.1\mybatis-spring-2.0.1.jar;D:\develop\maven_repository\com\github\pagehelper\pagehelper-spring-boot-starter\1.2.10\pagehelper-spring-boot-starter-1.2.10.jar;D:\develop\maven_repository\com\github\pagehelper\pagehelper-spring-boot-autoconfigure\1.2.10\pagehelper-spring-boot-autoconfigure-1.2.10.jar;D:\develop\maven_repository\com\github\pagehelper\pagehelper\5.1.8\pagehelper-5.1.8.jar;D:\develop\maven_repository\com\github\jsqlparser\jsqlparser\1.2\jsqlparser-1.2.jar;D:\develop\maven_repository\com\alibaba\druid-spring-boot-starter\1.1.10\druid-spring-boot-starter-1.1.10.jar;D:\develop\maven_repository\com\alibaba\druid\1.1.10\druid-1.1.10.jar;D:\develop\maven_repository\org\slf4j\slf4j-api\1.7.30\slf4j-api-1.7.30.jar;D:\develop\maven_repository\org\springframework\boot\spring-boot-configuration-processor\2.4.0\spring-boot-configuration-processor-2.4.0.jar;D:\develop\maven_repository\org\junit\platform\junit-platform-launcher\1.7.0\junit-platform-launcher-1.7.0.jar;D:\develop\maven_repository\org\apiguardian\apiguardian-api\1.1.0\apiguardian-api-1.1.0.jar;D:\develop\maven_repository\org\junit\platform\junit-platform-engine\1.7.0\junit-platform-engine-1.7.0.jar;D:\develop\maven_repository\org\opentest4j\opentest4j\1.2.0\opentest4j-1.2.0.jar;D:\develop\maven_repository\org\junit\platform\junit-platform-commons\1.7.0\junit-platform-commons-1.7.0.jar;D:\develop\maven_repository\io\springfox\springfox-swagger2\3.0.0\springfox-swagger2-3.0.0.jar;D:\develop\maven_repository\io\springfox\springfox-spi\3.0.0\springfox-spi-3.0.0.jar;D:\develop\maven_repository\io\springfox\springfox-core\3.0.0\springfox-core-3.0.0.jar;D:\develop\maven_repository\io\springfox\springfox-schema\3.0.0\springfox-schema-3.0.0.jar;D:\develop\maven_repository\io\springfox\springfox-swagger-common\3.0.0\springfox-swagger-common-3.0.0.jar;D:\develop\maven_repository\io\swagger\core\v3\swagger-annotations\2.1.2\swagger-annotations-2.1.2.jar;D:\develop\maven_repository\io\springfox\springfox-spring-web\3.0.0\springfox-spring-web-3.0.0.jar;D:\develop\maven_repository\io\github\classgraph\classgraph\4.8.83\classgraph-4.8.83.jar;D:\develop\maven_repository\io\springfox\springfox-spring-webmvc\3.0.0\springfox-spring-webmvc-3.0.0.jar;D:\develop\maven_repository\io\springfox\springfox-spring-webflux\3.0.0\springfox-spring-webflux-3.0.0.jar;D:\develop\maven_repository\com\fasterxml\classmate\1.5.1\classmate-1.5.1.jar;D:\develop\maven_repository\org\springframework\plugin\spring-plugin-core\2.0.0.RELEASE\spring-plugin-core-2.0.0.RELEASE.jar;D:\develop\maven_repository\org\springframework\plugin\spring-plugin-metadata\2.0.0.RELEASE\spring-plugin-metadata-2.0.0.RELEASE.jar;D:\develop\maven_repository\io\swagger\swagger-annotations\1.5.20\swagger-annotations-1.5.20.jar;D:\develop\maven_repository\io\swagger\swagger-models\1.5.20\swagger-models-1.5.20.jar;D:\develop\maven_repository\com\fasterxml\jackson\core\jackson-annotations\2.11.3\jackson-annotations-2.11.3.jar;D:\develop\maven_repository\org\mapstruct\mapstruct\1.3.1.Final\mapstruct-1.3.1.Final.jar;D:\develop\maven_repository\io\springfox\springfox-swagger-ui\3.0.0\springfox-swagger-ui-3.0.0.jar;D:\develop\maven_repository\io\springfox\springfox-boot-starter\3.0.0\springfox-boot-starter-3.0.0.jar;D:\develop\maven_repository\io\springfox\springfox-oas\3.0.0\springfox-oas-3.0.0.jar;D:\develop\maven_repository\io\swagger\core\v3\swagger-models\2.1.2\swagger-models-2.1.2.jar;D:\develop\maven_repository\io\springfox\springfox-data-rest\3.0.0\springfox-data-rest-3.0.0.jar;D:\develop\maven_repository\io\springfox\springfox-bean-validators\3.0.0\springfox-bean-validators-3.0.0.jar;"/>
    <property name="java.vm.vendor" value="Oracle Corporation"/>
    <property name="sun.arch.data.model" value="64"/>
    <property name="user.variant" value=""/>
    <property name="java.vendor.url" value="http://java.oracle.com/"/>
    <property name="user.timezone" value="GMT+08:00"/>
    <property name="java.vm.specification.version" value="1.8"/>
    <property name="os.name" value="Windows 10"/>
    <property name="user.country" value="CN"/>
    <property name="sun.java.launcher" value="SUN_STANDARD"/>
    <property name="sun.boot.library.path" value="C:\Program Files\Java\jdk1.8.0_101\jre\bin"/>
    <property name="sun.java.command" value="C:\Users\99405\AppData\Local\Temp\surefire2042648084820413802\surefirebooter2995541220315498296.jar C:\Users\99405\AppData\Local\Temp\surefire2042648084820413802 2021-05-31T14-42-28_609-jvmRun1 surefire1655511343454709148tmp surefire_08100202470096861138tmp"/>
    <property name="surefire.test.class.path" value="D:\IdeaProjects\hmanage\target\test-classes;D:\IdeaProjects\hmanage\target\classes;D:\develop\maven_repository\org\springframework\boot\spring-boot-starter-security\2.4.0\spring-boot-starter-security-2.4.0.jar;D:\develop\maven_repository\org\springframework\boot\spring-boot-starter\2.4.0\spring-boot-starter-2.4.0.jar;D:\develop\maven_repository\org\springframework\boot\spring-boot-starter-logging\2.4.0\spring-boot-starter-logging-2.4.0.jar;D:\develop\maven_repository\ch\qos\logback\logback-classic\1.2.3\logback-classic-1.2.3.jar;D:\develop\maven_repository\ch\qos\logback\logback-core\1.2.3\logback-core-1.2.3.jar;D:\develop\maven_repository\org\apache\logging\log4j\log4j-to-slf4j\2.13.3\log4j-to-slf4j-2.13.3.jar;D:\develop\maven_repository\org\apache\logging\log4j\log4j-api\2.13.3\log4j-api-2.13.3.jar;D:\develop\maven_repository\org\slf4j\jul-to-slf4j\1.7.30\jul-to-slf4j-1.7.30.jar;D:\develop\maven_repository\jakarta\annotation\jakarta.annotation-api\1.3.5\jakarta.annotation-api-1.3.5.jar;D:\develop\maven_repository\org\yaml\snakeyaml\1.27\snakeyaml-1.27.jar;D:\develop\maven_repository\org\springframework\spring-aop\5.3.1\spring-aop-5.3.1.jar;D:\develop\maven_repository\org\springframework\spring-beans\5.3.1\spring-beans-5.3.1.jar;D:\develop\maven_repository\org\springframework\security\spring-security-config\5.4.1\spring-security-config-5.4.1.jar;D:\develop\maven_repository\org\springframework\spring-context\5.3.1\spring-context-5.3.1.jar;D:\develop\maven_repository\org\springframework\security\spring-security-web\5.4.1\spring-security-web-5.4.1.jar;D:\develop\maven_repository\org\springframework\spring-expression\5.3.1\spring-expression-5.3.1.jar;D:\develop\maven_repository\org\springframework\boot\spring-boot-starter-web\2.4.0\spring-boot-starter-web-2.4.0.jar;D:\develop\maven_repository\org\springframework\boot\spring-boot-starter-json\2.4.0\spring-boot-starter-json-2.4.0.jar;D:\develop\maven_repository\com\fasterxml\jackson\core\jackson-databind\2.11.3\jackson-databind-2.11.3.jar;D:\develop\maven_repository\com\fasterxml\jackson\core\jackson-core\2.11.3\jackson-core-2.11.3.jar;D:\develop\maven_repository\com\fasterxml\jackson\datatype\jackson-datatype-jdk8\2.11.3\jackson-datatype-jdk8-2.11.3.jar;D:\develop\maven_repository\com\fasterxml\jackson\datatype\jackson-datatype-jsr310\2.11.3\jackson-datatype-jsr310-2.11.3.jar;D:\develop\maven_repository\com\fasterxml\jackson\module\jackson-module-parameter-names\2.11.3\jackson-module-parameter-names-2.11.3.jar;D:\develop\maven_repository\org\springframework\boot\spring-boot-starter-tomcat\2.4.0\spring-boot-starter-tomcat-2.4.0.jar;D:\develop\maven_repository\org\apache\tomcat\embed\tomcat-embed-core\9.0.39\tomcat-embed-core-9.0.39.jar;D:\develop\maven_repository\org\glassfish\jakarta.el\3.0.3\jakarta.el-3.0.3.jar;D:\develop\maven_repository\org\apache\tomcat\embed\tomcat-embed-websocket\9.0.39\tomcat-embed-websocket-9.0.39.jar;D:\develop\maven_repository\org\springframework\spring-web\5.3.1\spring-web-5.3.1.jar;D:\develop\maven_repository\org\springframework\spring-webmvc\5.3.1\spring-webmvc-5.3.1.jar;D:\develop\maven_repository\org\springframework\boot\spring-boot-devtools\2.4.0\spring-boot-devtools-2.4.0.jar;D:\develop\maven_repository\org\springframework\boot\spring-boot\2.4.0\spring-boot-2.4.0.jar;D:\develop\maven_repository\org\springframework\boot\spring-boot-autoconfigure\2.4.0\spring-boot-autoconfigure-2.4.0.jar;D:\develop\maven_repository\org\projectlombok\lombok\1.18.16\lombok-1.18.16.jar;D:\develop\maven_repository\org\springframework\boot\spring-boot-starter-test\2.4.0\spring-boot-starter-test-2.4.0.jar;D:\develop\maven_repository\org\springframework\boot\spring-boot-test\2.4.0\spring-boot-test-2.4.0.jar;D:\develop\maven_repository\org\springframework\boot\spring-boot-test-autoconfigure\2.4.0\spring-boot-test-autoconfigure-2.4.0.jar;D:\develop\maven_repository\com\jayway\jsonpath\json-path\2.4.0\json-path-2.4.0.jar;D:\develop\maven_repository\net\minidev\json-smart\2.3\json-smart-2.3.jar;D:\develop\maven_repository\net\minidev\accessors-smart\1.2\accessors-smart-1.2.jar;D:\develop\maven_repository\org\ow2\asm\asm\5.0.4\asm-5.0.4.jar;D:\develop\maven_repository\jakarta\xml\bind\jakarta.xml.bind-api\2.3.3\jakarta.xml.bind-api-2.3.3.jar;D:\develop\maven_repository\jakarta\activation\jakarta.activation-api\1.2.2\jakarta.activation-api-1.2.2.jar;D:\develop\maven_repository\org\assertj\assertj-core\3.18.1\assertj-core-3.18.1.jar;D:\develop\maven_repository\org\hamcrest\hamcrest\2.2\hamcrest-2.2.jar;D:\develop\maven_repository\org\junit\jupiter\junit-jupiter\5.7.0\junit-jupiter-5.7.0.jar;D:\develop\maven_repository\org\junit\jupiter\junit-jupiter-api\5.7.0\junit-jupiter-api-5.7.0.jar;D:\develop\maven_repository\org\junit\jupiter\junit-jupiter-params\5.7.0\junit-jupiter-params-5.7.0.jar;D:\develop\maven_repository\org\junit\jupiter\junit-jupiter-engine\5.7.0\junit-jupiter-engine-5.7.0.jar;D:\develop\maven_repository\org\mockito\mockito-core\3.6.0\mockito-core-3.6.0.jar;D:\develop\maven_repository\net\bytebuddy\byte-buddy\1.10.18\byte-buddy-1.10.18.jar;D:\develop\maven_repository\net\bytebuddy\byte-buddy-agent\1.10.18\byte-buddy-agent-1.10.18.jar;D:\develop\maven_repository\org\objenesis\objenesis\3.1\objenesis-3.1.jar;D:\develop\maven_repository\org\mockito\mockito-junit-jupiter\3.6.0\mockito-junit-jupiter-3.6.0.jar;D:\develop\maven_repository\org\skyscreamer\jsonassert\1.5.0\jsonassert-1.5.0.jar;D:\develop\maven_repository\com\vaadin\external\google\android-json\0.0.20131108.vaadin1\android-json-0.0.20131108.vaadin1.jar;D:\develop\maven_repository\org\springframework\spring-core\5.3.1\spring-core-5.3.1.jar;D:\develop\maven_repository\org\springframework\spring-jcl\5.3.1\spring-jcl-5.3.1.jar;D:\develop\maven_repository\org\springframework\spring-test\5.3.1\spring-test-5.3.1.jar;D:\develop\maven_repository\org\xmlunit\xmlunit-core\2.7.0\xmlunit-core-2.7.0.jar;D:\develop\maven_repository\org\springframework\security\spring-security-test\5.4.1\spring-security-test-5.4.1.jar;D:\develop\maven_repository\org\springframework\security\spring-security-core\5.4.1\spring-security-core-5.4.1.jar;D:\develop\maven_repository\mysql\mysql-connector-java\8.0.22\mysql-connector-java-8.0.22.jar;D:\develop\maven_repository\org\mybatis\spring\boot\mybatis-spring-boot-starter\2.0.1\mybatis-spring-boot-starter-2.0.1.jar;D:\develop\maven_repository\org\springframework\boot\spring-boot-starter-jdbc\2.4.0\spring-boot-starter-jdbc-2.4.0.jar;D:\develop\maven_repository\com\zaxxer\HikariCP\3.4.5\HikariCP-3.4.5.jar;D:\develop\maven_repository\org\springframework\spring-jdbc\5.3.1\spring-jdbc-5.3.1.jar;D:\develop\maven_repository\org\springframework\spring-tx\5.3.1\spring-tx-5.3.1.jar;D:\develop\maven_repository\org\mybatis\spring\boot\mybatis-spring-boot-autoconfigure\2.0.1\mybatis-spring-boot-autoconfigure-2.0.1.jar;D:\develop\maven_repository\org\mybatis\mybatis\3.5.1\mybatis-3.5.1.jar;D:\develop\maven_repository\org\mybatis\mybatis-spring\2.0.1\mybatis-spring-2.0.1.jar;D:\develop\maven_repository\com\github\pagehelper\pagehelper-spring-boot-starter\1.2.10\pagehelper-spring-boot-starter-1.2.10.jar;D:\develop\maven_repository\com\github\pagehelper\pagehelper-spring-boot-autoconfigure\1.2.10\pagehelper-spring-boot-autoconfigure-1.2.10.jar;D:\develop\maven_repository\com\github\pagehelper\pagehelper\5.1.8\pagehelper-5.1.8.jar;D:\develop\maven_repository\com\github\jsqlparser\jsqlparser\1.2\jsqlparser-1.2.jar;D:\develop\maven_repository\com\alibaba\druid-spring-boot-starter\1.1.10\druid-spring-boot-starter-1.1.10.jar;D:\develop\maven_repository\com\alibaba\druid\1.1.10\druid-1.1.10.jar;D:\develop\maven_repository\org\slf4j\slf4j-api\1.7.30\slf4j-api-1.7.30.jar;D:\develop\maven_repository\org\springframework\boot\spring-boot-configuration-processor\2.4.0\spring-boot-configuration-processor-2.4.0.jar;D:\develop\maven_repository\org\junit\platform\junit-platform-launcher\1.7.0\junit-platform-launcher-1.7.0.jar;D:\develop\maven_repository\org\apiguardian\apiguardian-api\1.1.0\apiguardian-api-1.1.0.jar;D:\develop\maven_repository\org\junit\platform\junit-platform-engine\1.7.0\junit-platform-engine-1.7.0.jar;D:\develop\maven_repository\org\opentest4j\opentest4j\1.2.0\opentest4j-1.2.0.jar;D:\develop\maven_repository\org\junit\platform\junit-platform-commons\1.7.0\junit-platform-commons-1.7.0.jar;D:\develop\maven_repository\io\springfox\springfox-swagger2\3.0.0\springfox-swagger2-3.0.0.jar;D:\develop\maven_repository\io\springfox\springfox-spi\3.0.0\springfox-spi-3.0.0.jar;D:\develop\maven_repository\io\springfox\springfox-core\3.0.0\springfox-core-3.0.0.jar;D:\develop\maven_repository\io\springfox\springfox-schema\3.0.0\springfox-schema-3.0.0.jar;D:\develop\maven_repository\io\springfox\springfox-swagger-common\3.0.0\springfox-swagger-common-3.0.0.jar;D:\develop\maven_repository\io\swagger\core\v3\swagger-annotations\2.1.2\swagger-annotations-2.1.2.jar;D:\develop\maven_repository\io\springfox\springfox-spring-web\3.0.0\springfox-spring-web-3.0.0.jar;D:\develop\maven_repository\io\github\classgraph\classgraph\4.8.83\classgraph-4.8.83.jar;D:\develop\maven_repository\io\springfox\springfox-spring-webmvc\3.0.0\springfox-spring-webmvc-3.0.0.jar;D:\develop\maven_repository\io\springfox\springfox-spring-webflux\3.0.0\springfox-spring-webflux-3.0.0.jar;D:\develop\maven_repository\com\fasterxml\classmate\1.5.1\classmate-1.5.1.jar;D:\develop\maven_repository\org\springframework\plugin\spring-plugin-core\2.0.0.RELEASE\spring-plugin-core-2.0.0.RELEASE.jar;D:\develop\maven_repository\org\springframework\plugin\spring-plugin-metadata\2.0.0.RELEASE\spring-plugin-metadata-2.0.0.RELEASE.jar;D:\develop\maven_repository\io\swagger\swagger-annotations\1.5.20\swagger-annotations-1.5.20.jar;D:\develop\maven_repository\io\swagger\swagger-models\1.5.20\swagger-models-1.5.20.jar;D:\develop\maven_repository\com\fasterxml\jackson\core\jackson-annotations\2.11.3\jackson-annotations-2.11.3.jar;D:\develop\maven_repository\org\mapstruct\mapstruct\1.3.1.Final\mapstruct-1.3.1.Final.jar;D:\develop\maven_repository\io\springfox\springfox-swagger-ui\3.0.0\springfox-swagger-ui-3.0.0.jar;D:\develop\maven_repository\io\springfox\springfox-boot-starter\3.0.0\springfox-boot-starter-3.0.0.jar;D:\develop\maven_repository\io\springfox\springfox-oas\3.0.0\springfox-oas-3.0.0.jar;D:\develop\maven_repository\io\swagger\core\v3\swagger-models\2.1.2\swagger-models-2.1.2.jar;D:\develop\maven_repository\io\springfox\springfox-data-rest\3.0.0\springfox-data-rest-3.0.0.jar;D:\develop\maven_repository\io\springfox\springfox-bean-validators\3.0.0\springfox-bean-validators-3.0.0.jar;"/>
    <property name="sun.cpu.endian" value="little"/>
    <property name="user.home" value="C:\Users\99405"/>
    <property name="user.language" value="zh"/>
    <property name="java.specification.vendor" value="Oracle Corporation"/>
    <property name="java.home" value="C:\Program Files\Java\jdk1.8.0_101\jre"/>
    <property name="basedir" value="D:\IdeaProjects\hmanage"/>
    <property name="file.separator" value="\"/>
    <property name="line.separator" value="&#10;"/>
    <property name="java.vm.specification.vendor" value="Oracle Corporation"/>
    <property name="java.specification.name" value="Java Platform API Specification"/>
    <property name="java.awt.graphicsenv" value="sun.awt.Win32GraphicsEnvironment"/>
    <property name="surefire.real.class.path" value="C:\Users\99405\AppData\Local\Temp\surefire2042648084820413802\surefirebooter2995541220315498296.jar"/>
    <property name="sun.boot.class.path" value="C:\Program Files\Java\jdk1.8.0_101\jre\lib\resources.jar;C:\Program Files\Java\jdk1.8.0_101\jre\lib\rt.jar;C:\Program Files\Java\jdk1.8.0_101\jre\lib\sunrsasign.jar;C:\Program Files\Java\jdk1.8.0_101\jre\lib\jsse.jar;C:\Program Files\Java\jdk1.8.0_101\jre\lib\jce.jar;C:\Program Files\Java\jdk1.8.0_101\jre\lib\charsets.jar;C:\Program Files\Java\jdk1.8.0_101\jre\lib\jfr.jar;C:\Program Files\Java\jdk1.8.0_101\jre\classes"/>
    <property name="user.script" value=""/>
    <property name="sun.management.compiler" value="HotSpot 64-Bit Tiered Compilers"/>
    <property name="java.runtime.version" value="1.8.0_101-b13"/>
    <property name="user.name" value="吴政杰"/>
    <property name="path.separator" value=";"/>
    <property name="os.version" value="10.0"/>
    <property name="java.endorsed.dirs" value="C:\Program Files\Java\jdk1.8.0_101\jre\lib\endorsed"/>
    <property name="java.runtime.name" value="Java(TM) SE Runtime Environment"/>
    <property name="file.encoding" value="GBK"/>
    <property name="java.vm.name" value="Java HotSpot(TM) 64-Bit Server VM"/>
    <property name="localRepository" value="D:\develop\maven_repository"/>
    <property name="java.vendor.url.bug" value="http://bugreport.sun.com/bugreport/"/>
    <property name="java.io.tmpdir" value="C:\Users\99405\AppData\Local\Temp\"/>
    <property name="idea.version" value="2021.1"/>
    <property name="java.version" value="1.8.0_101"/>
    <property name="user.dir" value="D:\IdeaProjects\hmanage"/>
    <property name="os.arch" value="amd64"/>
    <property name="java.vm.specification.name" value="Java Virtual Machine Specification"/>
    <property name="java.awt.printerjob" value="sun.awt.windows.WPrinterJob"/>
    <property name="sun.os.patch.level" value=""/>
    <property name="java.library.path" value="C:\Program Files\Java\jdk1.8.0_101\jre\bin;C:\WINDOWS\Sun\Java\bin;C:\WINDOWS\system32;C:\WINDOWS;C:\ProgramData\Oracle\Java\javapath;C:\Program Files (x86)\Common Files\Oracle\Java\javapath;C:\windows\system32;C:\windows;C:\windows\System32\Wbem;C:\windows\System32\WindowsPowerShell\v1.0\;C:\windows\System32\OpenSSH\;C:\Program Files (x86)\NVIDIA Corporation\PhysX\Common;C:\Program Files\Java\jdk1.8.0_101\bin;&quot;D;\Program Files\Java\jre6&quot;;C:\Program Files\Intel\WiFi\bin\;C:\Program Files\Common Files\Intel\WirelessCommon\;C:\WINDOWS\system32;C:\WINDOWS;C:\WINDOWS\System32\Wbem;C:\WINDOWS\System32\WindowsPowerShell\v1.0\;C:\WINDOWS\System32\OpenSSH\;C:\Program Files\Microsoft SQL Server\Client SDK\ODBC\130\Tools\Binn\;C:\Program Files\NVIDIA Corporation\NVIDIA NvDLISR;D:\ruanjian\bin;C:\Program Files\dotnet\;D:\develop\mysql-5.7.32\bin;D:\develop\apache-maven-3.5.2-bin\apache-maven-3.5.2\bin;C:\Program Files\Git\cmd;C:\Program Files\Microsoft SQL Server\130\Tools\Binn\;C:\WINDOWS\system32;C:\WINDOWS;C:\WINDOWS\System32\Wbem;C:\WINDOWS\System32\WindowsPowerShell\v1.0\;C:\WINDOWS\System32\OpenSSH\;C:\Program Files\nodejs\;D:\develop\Android\Sdk\platform-tools;D:\develop\Android\Sdk\tools;D:\Python\Python37\Scripts\;D:\Python\Python37\;C:\Users\99405\AppData\Local\Microsoft\WindowsApps;C:\Program Files\JetBrains\IntelliJ IDEA 2019.3\bin;C:\Users\99405\.dotnet\tools;D:\develop\mingw64\mingw64\bin;C:\Users\99405\AppData\Local\Microsoft\WindowsApps;C:\Users\99405\AppData\Roaming\npm;D:\develop\Android\Sdk\platform-tools;D:\develop\Android\Sdk\tools;;."/>
    <property name="java.vm.info" value="mixed mode"/>
    <property name="java.vendor" value="Oracle Corporation"/>
    <property name="java.vm.version" value="25.101-b13"/>
    <property name="java.ext.dirs" value="C:\Program Files\Java\jdk1.8.0_101\jre\lib\ext;C:\WINDOWS\Sun\Java\lib\ext"/>
    <property name="sun.io.unicode.encoding" value="UnicodeLittle"/>
    <property name="java.class.version" value="52.0"/>
  </properties>
  <testcase name="contextLoads" classname="com.manage.HmanageJavaApplicationTests" time="0.327"/>
</testsuite>