<?xml version="1.0" encoding="UTF-8"?>
<testsuite xmlns:xsi="http://www.w3.org/2001/XMLSchema-instance" xsi:noNamespaceSchemaLocation="https://maven.apache.org/surefire/maven-surefire-plugin/xsd/surefire-test-report.xsd" name="com.manage.HmanageJavaApplicationTests" time="7.983" tests="1" errors="1" skipped="0" failures="0">
  <properties>
    <property name="sun.desktop" value="windows"/>
    <property name="awt.toolkit" value="sun.awt.windows.WToolkit"/>
    <property name="file.encoding.pkg" value="sun.io"/>
    <property name="java.specification.version" value="1.8"/>
    <property name="sun.cpu.isalist" value="amd64"/>
    <property name="sun.jnu.encoding" value="GBK"/>
    <property name="java.class.path" value="D:\IdeaProjects\hmanage\target\test-classes;D:\IdeaProjects\hmanage\target\classes;D:\develop\maven_repository\org\springframework\boot\spring-boot-starter-security\2.4.0\spring-boot-starter-security-2.4.0.jar;D:\develop\maven_repository\org\springframework\boot\spring-boot-starter\2.4.0\spring-boot-starter-2.4.0.jar;D:\develop\maven_repository\org\springframework\boot\spring-boot-starter-logging\2.4.0\spring-boot-starter-logging-2.4.0.jar;D:\develop\maven_repository\ch\qos\logback\logback-classic\1.2.3\logback-classic-1.2.3.jar;D:\develop\maven_repository\ch\qos\logback\logback-core\1.2.3\logback-core-1.2.3.jar;D:\develop\maven_repository\org\apache\logging\log4j\log4j-to-slf4j\2.13.3\log4j-to-slf4j-2.13.3.jar;D:\develop\maven_repository\org\apache\logging\log4j\log4j-api\2.13.3\log4j-api-2.13.3.jar;D:\develop\maven_repository\org\slf4j\jul-to-slf4j\1.7.30\jul-to-slf4j-1.7.30.jar;D:\develop\maven_repository\jakarta\annotation\jakarta.annotation-api\1.3.5\jakarta.annotation-api-1.3.5.jar;D:\develop\maven_repository\org\yaml\snakeyaml\1.27\snakeyaml-1.27.jar;D:\develop\maven_repository\org\springframework\spring-aop\5.3.1\spring-aop-5.3.1.jar;D:\develop\maven_repository\org\springframework\spring-beans\5.3.1\spring-beans-5.3.1.jar;D:\develop\maven_repository\org\springframework\security\spring-security-config\5.4.1\spring-security-config-5.4.1.jar;D:\develop\maven_repository\org\springframework\spring-context\5.3.1\spring-context-5.3.1.jar;D:\develop\maven_repository\org\springframework\security\spring-security-web\5.4.1\spring-security-web-5.4.1.jar;D:\develop\maven_repository\org\springframework\spring-expression\5.3.1\spring-expression-5.3.1.jar;D:\develop\maven_repository\org\springframework\boot\spring-boot-starter-web\2.4.0\spring-boot-starter-web-2.4.0.jar;D:\develop\maven_repository\org\springframework\boot\spring-boot-starter-json\2.4.0\spring-boot-starter-json-2.4.0.jar;D:\develop\maven_repository\com\fasterxml\jackson\datatype\jackson-datatype-jdk8\2.11.3\jackson-datatype-jdk8-2.11.3.jar;D:\develop\maven_repository\com\fasterxml\jackson\datatype\jackson-datatype-jsr310\2.11.3\jackson-datatype-jsr310-2.11.3.jar;D:\develop\maven_repository\com\fasterxml\jackson\module\jackson-module-parameter-names\2.11.3\jackson-module-parameter-names-2.11.3.jar;D:\develop\maven_repository\org\springframework\boot\spring-boot-starter-tomcat\2.4.0\spring-boot-starter-tomcat-2.4.0.jar;D:\develop\maven_repository\org\apache\tomcat\embed\tomcat-embed-core\9.0.39\tomcat-embed-core-9.0.39.jar;D:\develop\maven_repository\org\glassfish\jakarta.el\3.0.3\jakarta.el-3.0.3.jar;D:\develop\maven_repository\org\apache\tomcat\embed\tomcat-embed-websocket\9.0.39\tomcat-embed-websocket-9.0.39.jar;D:\develop\maven_repository\org\springframework\spring-web\5.3.1\spring-web-5.3.1.jar;D:\develop\maven_repository\org\springframework\spring-webmvc\5.3.1\spring-webmvc-5.3.1.jar;D:\develop\maven_repository\org\springframework\boot\spring-boot-devtools\2.4.0\spring-boot-devtools-2.4.0.jar;D:\develop\maven_repository\org\springframework\boot\spring-boot\2.4.0\spring-boot-2.4.0.jar;D:\develop\maven_repository\org\springframework\boot\spring-boot-autoconfigure\2.4.0\spring-boot-autoconfigure-2.4.0.jar;D:\develop\maven_repository\org\projectlombok\lombok\1.18.16\lombok-1.18.16.jar;D:\develop\maven_repository\org\springframework\boot\spring-boot-starter-test\2.4.0\spring-boot-starter-test-2.4.0.jar;D:\develop\maven_repository\org\springframework\boot\spring-boot-test\2.4.0\spring-boot-test-2.4.0.jar;D:\develop\maven_repository\org\springframework\boot\spring-boot-test-autoconfigure\2.4.0\spring-boot-test-autoconfigure-2.4.0.jar;D:\develop\maven_repository\com\jayway\jsonpath\json-path\2.4.0\json-path-2.4.0.jar;D:\develop\maven_repository\net\minidev\json-smart\2.3\json-smart-2.3.jar;D:\develop\maven_repository\net\minidev\accessors-smart\1.2\accessors-smart-1.2.jar;D:\develop\maven_repository\org\ow2\asm\asm\5.0.4\asm-5.0.4.jar;D:\develop\maven_repository\jakarta\xml\bind\jakarta.xml.bind-api\2.3.3\jakarta.xml.bind-api-2.3.3.jar;D:\develop\maven_repository\jakarta\activation\jakarta.activation-api\1.2.2\jakarta.activation-api-1.2.2.jar;D:\develop\maven_repository\org\assertj\assertj-core\3.18.1\assertj-core-3.18.1.jar;D:\develop\maven_repository\org\hamcrest\hamcrest\2.2\hamcrest-2.2.jar;D:\develop\maven_repository\org\junit\jupiter\junit-jupiter\5.7.0\junit-jupiter-5.7.0.jar;D:\develop\maven_repository\org\junit\jupiter\junit-jupiter-api\5.7.0\junit-jupiter-api-5.7.0.jar;D:\develop\maven_repository\org\junit\jupiter\junit-jupiter-params\5.7.0\junit-jupiter-params-5.7.0.jar;D:\develop\maven_repository\org\junit\jupiter\junit-jupiter-engine\5.7.0\junit-jupiter-engine-5.7.0.jar;D:\develop\maven_repository\org\mockito\mockito-core\3.6.0\mockito-core-3.6.0.jar;D:\develop\maven_repository\net\bytebuddy\byte-buddy\1.10.18\byte-buddy-1.10.18.jar;D:\develop\maven_repository\net\bytebuddy\byte-buddy-agent\1.10.18\byte-buddy-agent-1.10.18.jar;D:\develop\maven_repository\org\objenesis\objenesis\3.1\objenesis-3.1.jar;D:\develop\maven_repository\org\mockito\mockito-junit-jupiter\3.6.0\mockito-junit-jupiter-3.6.0.jar;D:\develop\maven_repository\org\skyscreamer\jsonassert\1.5.0\jsonassert-1.5.0.jar;D:\develop\maven_repository\com\vaadin\external\google\android-json\0.0.20131108.vaadin1\android-json-0.0.20131108.vaadin1.jar;D:\develop\maven_repository\org\springframework\spring-core\5.3.1\spring-core-5.3.1.jar;D:\develop\maven_repository\org\springframework\spring-jcl\5.3.1\spring-jcl-5.3.1.jar;D:\develop\maven_repository\org\springframework\spring-test\5.3.1\spring-test-5.3.1.jar;D:\develop\maven_repository\org\xmlunit\xmlunit-core\2.7.0\xmlunit-core-2.7.0.jar;D:\develop\maven_repository\org\springframework\security\spring-security-test\5.4.1\spring-security-test-5.4.1.jar;D:\develop\maven_repository\org\springframework\security\spring-security-core\5.4.1\spring-security-core-5.4.1.jar;D:\develop\maven_repository\mysql\mysql-connector-java\8.0.22\mysql-connector-java-8.0.22.jar;D:\develop\maven_repository\org\mybatis\spring\boot\mybatis-spring-boot-starter\2.0.1\mybatis-spring-boot-starter-2.0.1.jar;D:\develop\maven_repository\org\springframework\boot\spring-boot-starter-jdbc\2.4.0\spring-boot-starter-jdbc-2.4.0.jar;D:\develop\maven_repository\com\zaxxer\HikariCP\3.4.5\HikariCP-3.4.5.jar;D:\develop\maven_repository\org\springframework\spring-jdbc\5.3.1\spring-jdbc-5.3.1.jar;D:\develop\maven_repository\org\mybatis\spring\boot\mybatis-spring-boot-autoconfigure\2.0.1\mybatis-spring-boot-autoconfigure-2.0.1.jar;D:\develop\maven_repository\org\mybatis\mybatis\3.5.1\mybatis-3.5.1.jar;D:\develop\maven_repository\org\mybatis\mybatis-spring\2.0.1\mybatis-spring-2.0.1.jar;D:\develop\maven_repository\com\github\pagehelper\pagehelper-spring-boot-starter\1.2.10\pagehelper-spring-boot-starter-1.2.10.jar;D:\develop\maven_repository\com\github\pagehelper\pagehelper-spring-boot-autoconfigure\1.2.10\pagehelper-spring-boot-autoconfigure-1.2.10.jar;D:\develop\maven_repository\com\github\pagehelper\pagehelper\5.1.8\pagehelper-5.1.8.jar;D:\develop\maven_repository\com\github\jsqlparser\jsqlparser\1.2\jsqlparser-1.2.jar;D:\develop\maven_repository\com\alibaba\druid-spring-boot-starter\1.1.10\druid-spring-boot-starter-1.1.10.jar;D:\develop\maven_repository\com\alibaba\druid\1.1.10\druid-1.1.10.jar;D:\develop\maven_repository\org\slf4j\slf4j-api\1.7.30\slf4j-api-1.7.30.jar;D:\develop\maven_repository\org\springframework\boot\spring-boot-configuration-processor\2.4.0\spring-boot-configuration-processor-2.4.0.jar;D:\develop\maven_repository\org\junit\platform\junit-platform-launcher\1.7.0\junit-platform-launcher-1.7.0.jar;D:\develop\maven_repository\org\apiguardian\apiguardian-api\1.1.0\apiguardian-api-1.1.0.jar;D:\develop\maven_repository\org\junit\platform\junit-platform-engine\1.7.0\junit-platform-engine-1.7.0.jar;D:\develop\maven_repository\org\opentest4j\opentest4j\1.2.0\opentest4j-1.2.0.jar;D:\develop\maven_repository\org\junit\platform\junit-platform-commons\1.7.0\junit-platform-commons-1.7.0.jar;D:\develop\maven_repository\io\springfox\springfox-swagger2\3.0.0\springfox-swagger2-3.0.0.jar;D:\develop\maven_repository\io\springfox\springfox-spi\3.0.0\springfox-spi-3.0.0.jar;D:\develop\maven_repository\io\springfox\springfox-core\3.0.0\springfox-core-3.0.0.jar;D:\develop\maven_repository\io\springfox\springfox-schema\3.0.0\springfox-schema-3.0.0.jar;D:\develop\maven_repository\io\springfox\springfox-swagger-common\3.0.0\springfox-swagger-common-3.0.0.jar;D:\develop\maven_repository\io\swagger\core\v3\swagger-annotations\2.1.2\swagger-annotations-2.1.2.jar;D:\develop\maven_repository\io\springfox\springfox-spring-web\3.0.0\springfox-spring-web-3.0.0.jar;D:\develop\maven_repository\io\github\classgraph\classgraph\4.8.83\classgraph-4.8.83.jar;D:\develop\maven_repository\io\springfox\springfox-spring-webmvc\3.0.0\springfox-spring-webmvc-3.0.0.jar;D:\develop\maven_repository\io\springfox\springfox-spring-webflux\3.0.0\springfox-spring-webflux-3.0.0.jar;D:\develop\maven_repository\com\fasterxml\classmate\1.5.1\classmate-1.5.1.jar;D:\develop\maven_repository\org\springframework\plugin\spring-plugin-core\2.0.0.RELEASE\spring-plugin-core-2.0.0.RELEASE.jar;D:\develop\maven_repository\org\springframework\plugin\spring-plugin-metadata\2.0.0.RELEASE\spring-plugin-metadata-2.0.0.RELEASE.jar;D:\develop\maven_repository\io\swagger\swagger-annotations\1.5.20\swagger-annotations-1.5.20.jar;D:\develop\maven_repository\io\swagger\swagger-models\1.5.20\swagger-models-1.5.20.jar;D:\develop\maven_repository\com\fasterxml\jackson\core\jackson-annotations\2.11.3\jackson-annotations-2.11.3.jar;D:\develop\maven_repository\org\mapstruct\mapstruct\1.3.1.Final\mapstruct-1.3.1.Final.jar;D:\develop\maven_repository\io\springfox\springfox-swagger-ui\3.0.0\springfox-swagger-ui-3.0.0.jar;D:\develop\maven_repository\io\springfox\springfox-boot-starter\3.0.0\springfox-boot-starter-3.0.0.jar;D:\develop\maven_repository\io\springfox\springfox-oas\3.0.0\springfox-oas-3.0.0.jar;D:\develop\maven_repository\io\swagger\core\v3\swagger-models\2.1.2\swagger-models-2.1.2.jar;D:\develop\maven_repository\io\springfox\springfox-data-rest\3.0.0\springfox-data-rest-3.0.0.jar;D:\develop\maven_repository\io\springfox\springfox-bean-validators\3.0.0\springfox-bean-validators-3.0.0.jar;D:\develop\maven_repository\cn\hutool\hutool-all\4.5.7\hutool-all-4.5.7.jar;D:\develop\maven_repository\io\jsonwebtoken\jjwt\0.9.1\jjwt-0.9.1.jar;D:\develop\maven_repository\com\fasterxml\jackson\core\jackson-databind\2.11.3\jackson-databind-2.11.3.jar;D:\develop\maven_repository\com\fasterxml\jackson\core\jackson-core\2.11.3\jackson-core-2.11.3.jar;D:\develop\maven_repository\org\springframework\boot\spring-boot-starter-data-redis\2.4.0\spring-boot-starter-data-redis-2.4.0.jar;D:\develop\maven_repository\org\springframework\data\spring-data-redis\2.4.1\spring-data-redis-2.4.1.jar;D:\develop\maven_repository\org\springframework\data\spring-data-keyvalue\2.4.1\spring-data-keyvalue-2.4.1.jar;D:\develop\maven_repository\org\springframework\data\spring-data-commons\2.4.1\spring-data-commons-2.4.1.jar;D:\develop\maven_repository\org\springframework\spring-tx\5.3.1\spring-tx-5.3.1.jar;D:\develop\maven_repository\org\springframework\spring-oxm\5.3.1\spring-oxm-5.3.1.jar;D:\develop\maven_repository\org\springframework\spring-context-support\5.3.1\spring-context-support-5.3.1.jar;D:\develop\maven_repository\io\lettuce\lettuce-core\6.0.1.RELEASE\lettuce-core-6.0.1.RELEASE.jar;D:\develop\maven_repository\io\netty\netty-common\4.1.54.Final\netty-common-4.1.54.Final.jar;D:\develop\maven_repository\io\netty\netty-handler\4.1.54.Final\netty-handler-4.1.54.Final.jar;D:\develop\maven_repository\io\netty\netty-resolver\4.1.54.Final\netty-resolver-4.1.54.Final.jar;D:\develop\maven_repository\io\netty\netty-buffer\4.1.54.Final\netty-buffer-4.1.54.Final.jar;D:\develop\maven_repository\io\netty\netty-codec\4.1.54.Final\netty-codec-4.1.54.Final.jar;D:\develop\maven_repository\io\netty\netty-transport\4.1.54.Final\netty-transport-4.1.54.Final.jar;D:\develop\maven_repository\io\projectreactor\reactor-core\3.4.0\reactor-core-3.4.0.jar;D:\develop\maven_repository\org\reactivestreams\reactive-streams\1.0.3\reactive-streams-1.0.3.jar;D:\develop\maven_repository\jakarta\validation\jakarta.validation-api\2.0.2\jakarta.validation-api-2.0.2.jar;"/>
    <property name="java.vm.vendor" value="Oracle Corporation"/>
    <property name="sun.arch.data.model" value="64"/>
    <property name="user.variant" value=""/>
    <property name="java.vendor.url" value="http://java.oracle.com/"/>
    <property name="user.timezone" value="GMT+08:00"/>
    <property name="java.vm.specification.version" value="1.8"/>
    <property name="os.name" value="Windows 10"/>
    <property name="user.country" value="CN"/>
    <property name="sun.java.launcher" value="SUN_STANDARD"/>
    <property name="sun.boot.library.path" value="C:\Program Files\Java\jdk1.8.0_101\jre\bin"/>
    <property name="sun.java.command" value="C:\Users\99405\AppData\Local\Temp\surefire3986484781544648113\surefirebooter8569157414856087786.jar C:\Users\99405\AppData\Local\Temp\surefire3986484781544648113 2021-06-04T18-31-01_534-jvmRun1 surefire868845632343113480tmp surefire_05845875171546191373tmp"/>
    <property name="surefire.test.class.path" value="D:\IdeaProjects\hmanage\target\test-classes;D:\IdeaProjects\hmanage\target\classes;D:\develop\maven_repository\org\springframework\boot\spring-boot-starter-security\2.4.0\spring-boot-starter-security-2.4.0.jar;D:\develop\maven_repository\org\springframework\boot\spring-boot-starter\2.4.0\spring-boot-starter-2.4.0.jar;D:\develop\maven_repository\org\springframework\boot\spring-boot-starter-logging\2.4.0\spring-boot-starter-logging-2.4.0.jar;D:\develop\maven_repository\ch\qos\logback\logback-classic\1.2.3\logback-classic-1.2.3.jar;D:\develop\maven_repository\ch\qos\logback\logback-core\1.2.3\logback-core-1.2.3.jar;D:\develop\maven_repository\org\apache\logging\log4j\log4j-to-slf4j\2.13.3\log4j-to-slf4j-2.13.3.jar;D:\develop\maven_repository\org\apache\logging\log4j\log4j-api\2.13.3\log4j-api-2.13.3.jar;D:\develop\maven_repository\org\slf4j\jul-to-slf4j\1.7.30\jul-to-slf4j-1.7.30.jar;D:\develop\maven_repository\jakarta\annotation\jakarta.annotation-api\1.3.5\jakarta.annotation-api-1.3.5.jar;D:\develop\maven_repository\org\yaml\snakeyaml\1.27\snakeyaml-1.27.jar;D:\develop\maven_repository\org\springframework\spring-aop\5.3.1\spring-aop-5.3.1.jar;D:\develop\maven_repository\org\springframework\spring-beans\5.3.1\spring-beans-5.3.1.jar;D:\develop\maven_repository\org\springframework\security\spring-security-config\5.4.1\spring-security-config-5.4.1.jar;D:\develop\maven_repository\org\springframework\spring-context\5.3.1\spring-context-5.3.1.jar;D:\develop\maven_repository\org\springframework\security\spring-security-web\5.4.1\spring-security-web-5.4.1.jar;D:\develop\maven_repository\org\springframework\spring-expression\5.3.1\spring-expression-5.3.1.jar;D:\develop\maven_repository\org\springframework\boot\spring-boot-starter-web\2.4.0\spring-boot-starter-web-2.4.0.jar;D:\develop\maven_repository\org\springframework\boot\spring-boot-starter-json\2.4.0\spring-boot-starter-json-2.4.0.jar;D:\develop\maven_repository\com\fasterxml\jackson\datatype\jackson-datatype-jdk8\2.11.3\jackson-datatype-jdk8-2.11.3.jar;D:\develop\maven_repository\com\fasterxml\jackson\datatype\jackson-datatype-jsr310\2.11.3\jackson-datatype-jsr310-2.11.3.jar;D:\develop\maven_repository\com\fasterxml\jackson\module\jackson-module-parameter-names\2.11.3\jackson-module-parameter-names-2.11.3.jar;D:\develop\maven_repository\org\springframework\boot\spring-boot-starter-tomcat\2.4.0\spring-boot-starter-tomcat-2.4.0.jar;D:\develop\maven_repository\org\apache\tomcat\embed\tomcat-embed-core\9.0.39\tomcat-embed-core-9.0.39.jar;D:\develop\maven_repository\org\glassfish\jakarta.el\3.0.3\jakarta.el-3.0.3.jar;D:\develop\maven_repository\org\apache\tomcat\embed\tomcat-embed-websocket\9.0.39\tomcat-embed-websocket-9.0.39.jar;D:\develop\maven_repository\org\springframework\spring-web\5.3.1\spring-web-5.3.1.jar;D:\develop\maven_repository\org\springframework\spring-webmvc\5.3.1\spring-webmvc-5.3.1.jar;D:\develop\maven_repository\org\springframework\boot\spring-boot-devtools\2.4.0\spring-boot-devtools-2.4.0.jar;D:\develop\maven_repository\org\springframework\boot\spring-boot\2.4.0\spring-boot-2.4.0.jar;D:\develop\maven_repository\org\springframework\boot\spring-boot-autoconfigure\2.4.0\spring-boot-autoconfigure-2.4.0.jar;D:\develop\maven_repository\org\projectlombok\lombok\1.18.16\lombok-1.18.16.jar;D:\develop\maven_repository\org\springframework\boot\spring-boot-starter-test\2.4.0\spring-boot-starter-test-2.4.0.jar;D:\develop\maven_repository\org\springframework\boot\spring-boot-test\2.4.0\spring-boot-test-2.4.0.jar;D:\develop\maven_repository\org\springframework\boot\spring-boot-test-autoconfigure\2.4.0\spring-boot-test-autoconfigure-2.4.0.jar;D:\develop\maven_repository\com\jayway\jsonpath\json-path\2.4.0\json-path-2.4.0.jar;D:\develop\maven_repository\net\minidev\json-smart\2.3\json-smart-2.3.jar;D:\develop\maven_repository\net\minidev\accessors-smart\1.2\accessors-smart-1.2.jar;D:\develop\maven_repository\org\ow2\asm\asm\5.0.4\asm-5.0.4.jar;D:\develop\maven_repository\jakarta\xml\bind\jakarta.xml.bind-api\2.3.3\jakarta.xml.bind-api-2.3.3.jar;D:\develop\maven_repository\jakarta\activation\jakarta.activation-api\1.2.2\jakarta.activation-api-1.2.2.jar;D:\develop\maven_repository\org\assertj\assertj-core\3.18.1\assertj-core-3.18.1.jar;D:\develop\maven_repository\org\hamcrest\hamcrest\2.2\hamcrest-2.2.jar;D:\develop\maven_repository\org\junit\jupiter\junit-jupiter\5.7.0\junit-jupiter-5.7.0.jar;D:\develop\maven_repository\org\junit\jupiter\junit-jupiter-api\5.7.0\junit-jupiter-api-5.7.0.jar;D:\develop\maven_repository\org\junit\jupiter\junit-jupiter-params\5.7.0\junit-jupiter-params-5.7.0.jar;D:\develop\maven_repository\org\junit\jupiter\junit-jupiter-engine\5.7.0\junit-jupiter-engine-5.7.0.jar;D:\develop\maven_repository\org\mockito\mockito-core\3.6.0\mockito-core-3.6.0.jar;D:\develop\maven_repository\net\bytebuddy\byte-buddy\1.10.18\byte-buddy-1.10.18.jar;D:\develop\maven_repository\net\bytebuddy\byte-buddy-agent\1.10.18\byte-buddy-agent-1.10.18.jar;D:\develop\maven_repository\org\objenesis\objenesis\3.1\objenesis-3.1.jar;D:\develop\maven_repository\org\mockito\mockito-junit-jupiter\3.6.0\mockito-junit-jupiter-3.6.0.jar;D:\develop\maven_repository\org\skyscreamer\jsonassert\1.5.0\jsonassert-1.5.0.jar;D:\develop\maven_repository\com\vaadin\external\google\android-json\0.0.20131108.vaadin1\android-json-0.0.20131108.vaadin1.jar;D:\develop\maven_repository\org\springframework\spring-core\5.3.1\spring-core-5.3.1.jar;D:\develop\maven_repository\org\springframework\spring-jcl\5.3.1\spring-jcl-5.3.1.jar;D:\develop\maven_repository\org\springframework\spring-test\5.3.1\spring-test-5.3.1.jar;D:\develop\maven_repository\org\xmlunit\xmlunit-core\2.7.0\xmlunit-core-2.7.0.jar;D:\develop\maven_repository\org\springframework\security\spring-security-test\5.4.1\spring-security-test-5.4.1.jar;D:\develop\maven_repository\org\springframework\security\spring-security-core\5.4.1\spring-security-core-5.4.1.jar;D:\develop\maven_repository\mysql\mysql-connector-java\8.0.22\mysql-connector-java-8.0.22.jar;D:\develop\maven_repository\org\mybatis\spring\boot\mybatis-spring-boot-starter\2.0.1\mybatis-spring-boot-starter-2.0.1.jar;D:\develop\maven_repository\org\springframework\boot\spring-boot-starter-jdbc\2.4.0\spring-boot-starter-jdbc-2.4.0.jar;D:\develop\maven_repository\com\zaxxer\HikariCP\3.4.5\HikariCP-3.4.5.jar;D:\develop\maven_repository\org\springframework\spring-jdbc\5.3.1\spring-jdbc-5.3.1.jar;D:\develop\maven_repository\org\mybatis\spring\boot\mybatis-spring-boot-autoconfigure\2.0.1\mybatis-spring-boot-autoconfigure-2.0.1.jar;D:\develop\maven_repository\org\mybatis\mybatis\3.5.1\mybatis-3.5.1.jar;D:\develop\maven_repository\org\mybatis\mybatis-spring\2.0.1\mybatis-spring-2.0.1.jar;D:\develop\maven_repository\com\github\pagehelper\pagehelper-spring-boot-starter\1.2.10\pagehelper-spring-boot-starter-1.2.10.jar;D:\develop\maven_repository\com\github\pagehelper\pagehelper-spring-boot-autoconfigure\1.2.10\pagehelper-spring-boot-autoconfigure-1.2.10.jar;D:\develop\maven_repository\com\github\pagehelper\pagehelper\5.1.8\pagehelper-5.1.8.jar;D:\develop\maven_repository\com\github\jsqlparser\jsqlparser\1.2\jsqlparser-1.2.jar;D:\develop\maven_repository\com\alibaba\druid-spring-boot-starter\1.1.10\druid-spring-boot-starter-1.1.10.jar;D:\develop\maven_repository\com\alibaba\druid\1.1.10\druid-1.1.10.jar;D:\develop\maven_repository\org\slf4j\slf4j-api\1.7.30\slf4j-api-1.7.30.jar;D:\develop\maven_repository\org\springframework\boot\spring-boot-configuration-processor\2.4.0\spring-boot-configuration-processor-2.4.0.jar;D:\develop\maven_repository\org\junit\platform\junit-platform-launcher\1.7.0\junit-platform-launcher-1.7.0.jar;D:\develop\maven_repository\org\apiguardian\apiguardian-api\1.1.0\apiguardian-api-1.1.0.jar;D:\develop\maven_repository\org\junit\platform\junit-platform-engine\1.7.0\junit-platform-engine-1.7.0.jar;D:\develop\maven_repository\org\opentest4j\opentest4j\1.2.0\opentest4j-1.2.0.jar;D:\develop\maven_repository\org\junit\platform\junit-platform-commons\1.7.0\junit-platform-commons-1.7.0.jar;D:\develop\maven_repository\io\springfox\springfox-swagger2\3.0.0\springfox-swagger2-3.0.0.jar;D:\develop\maven_repository\io\springfox\springfox-spi\3.0.0\springfox-spi-3.0.0.jar;D:\develop\maven_repository\io\springfox\springfox-core\3.0.0\springfox-core-3.0.0.jar;D:\develop\maven_repository\io\springfox\springfox-schema\3.0.0\springfox-schema-3.0.0.jar;D:\develop\maven_repository\io\springfox\springfox-swagger-common\3.0.0\springfox-swagger-common-3.0.0.jar;D:\develop\maven_repository\io\swagger\core\v3\swagger-annotations\2.1.2\swagger-annotations-2.1.2.jar;D:\develop\maven_repository\io\springfox\springfox-spring-web\3.0.0\springfox-spring-web-3.0.0.jar;D:\develop\maven_repository\io\github\classgraph\classgraph\4.8.83\classgraph-4.8.83.jar;D:\develop\maven_repository\io\springfox\springfox-spring-webmvc\3.0.0\springfox-spring-webmvc-3.0.0.jar;D:\develop\maven_repository\io\springfox\springfox-spring-webflux\3.0.0\springfox-spring-webflux-3.0.0.jar;D:\develop\maven_repository\com\fasterxml\classmate\1.5.1\classmate-1.5.1.jar;D:\develop\maven_repository\org\springframework\plugin\spring-plugin-core\2.0.0.RELEASE\spring-plugin-core-2.0.0.RELEASE.jar;D:\develop\maven_repository\org\springframework\plugin\spring-plugin-metadata\2.0.0.RELEASE\spring-plugin-metadata-2.0.0.RELEASE.jar;D:\develop\maven_repository\io\swagger\swagger-annotations\1.5.20\swagger-annotations-1.5.20.jar;D:\develop\maven_repository\io\swagger\swagger-models\1.5.20\swagger-models-1.5.20.jar;D:\develop\maven_repository\com\fasterxml\jackson\core\jackson-annotations\2.11.3\jackson-annotations-2.11.3.jar;D:\develop\maven_repository\org\mapstruct\mapstruct\1.3.1.Final\mapstruct-1.3.1.Final.jar;D:\develop\maven_repository\io\springfox\springfox-swagger-ui\3.0.0\springfox-swagger-ui-3.0.0.jar;D:\develop\maven_repository\io\springfox\springfox-boot-starter\3.0.0\springfox-boot-starter-3.0.0.jar;D:\develop\maven_repository\io\springfox\springfox-oas\3.0.0\springfox-oas-3.0.0.jar;D:\develop\maven_repository\io\swagger\core\v3\swagger-models\2.1.2\swagger-models-2.1.2.jar;D:\develop\maven_repository\io\springfox\springfox-data-rest\3.0.0\springfox-data-rest-3.0.0.jar;D:\develop\maven_repository\io\springfox\springfox-bean-validators\3.0.0\springfox-bean-validators-3.0.0.jar;D:\develop\maven_repository\cn\hutool\hutool-all\4.5.7\hutool-all-4.5.7.jar;D:\develop\maven_repository\io\jsonwebtoken\jjwt\0.9.1\jjwt-0.9.1.jar;D:\develop\maven_repository\com\fasterxml\jackson\core\jackson-databind\2.11.3\jackson-databind-2.11.3.jar;D:\develop\maven_repository\com\fasterxml\jackson\core\jackson-core\2.11.3\jackson-core-2.11.3.jar;D:\develop\maven_repository\org\springframework\boot\spring-boot-starter-data-redis\2.4.0\spring-boot-starter-data-redis-2.4.0.jar;D:\develop\maven_repository\org\springframework\data\spring-data-redis\2.4.1\spring-data-redis-2.4.1.jar;D:\develop\maven_repository\org\springframework\data\spring-data-keyvalue\2.4.1\spring-data-keyvalue-2.4.1.jar;D:\develop\maven_repository\org\springframework\data\spring-data-commons\2.4.1\spring-data-commons-2.4.1.jar;D:\develop\maven_repository\org\springframework\spring-tx\5.3.1\spring-tx-5.3.1.jar;D:\develop\maven_repository\org\springframework\spring-oxm\5.3.1\spring-oxm-5.3.1.jar;D:\develop\maven_repository\org\springframework\spring-context-support\5.3.1\spring-context-support-5.3.1.jar;D:\develop\maven_repository\io\lettuce\lettuce-core\6.0.1.RELEASE\lettuce-core-6.0.1.RELEASE.jar;D:\develop\maven_repository\io\netty\netty-common\4.1.54.Final\netty-common-4.1.54.Final.jar;D:\develop\maven_repository\io\netty\netty-handler\4.1.54.Final\netty-handler-4.1.54.Final.jar;D:\develop\maven_repository\io\netty\netty-resolver\4.1.54.Final\netty-resolver-4.1.54.Final.jar;D:\develop\maven_repository\io\netty\netty-buffer\4.1.54.Final\netty-buffer-4.1.54.Final.jar;D:\develop\maven_repository\io\netty\netty-codec\4.1.54.Final\netty-codec-4.1.54.Final.jar;D:\develop\maven_repository\io\netty\netty-transport\4.1.54.Final\netty-transport-4.1.54.Final.jar;D:\develop\maven_repository\io\projectreactor\reactor-core\3.4.0\reactor-core-3.4.0.jar;D:\develop\maven_repository\org\reactivestreams\reactive-streams\1.0.3\reactive-streams-1.0.3.jar;D:\develop\maven_repository\jakarta\validation\jakarta.validation-api\2.0.2\jakarta.validation-api-2.0.2.jar;"/>
    <property name="sun.cpu.endian" value="little"/>
    <property name="user.home" value="C:\Users\99405"/>
    <property name="user.language" value="zh"/>
    <property name="java.specification.vendor" value="Oracle Corporation"/>
    <property name="java.home" value="C:\Program Files\Java\jdk1.8.0_101\jre"/>
    <property name="basedir" value="D:\IdeaProjects\hmanage"/>
    <property name="file.separator" value="\"/>
    <property name="line.separator" value="&#10;"/>
    <property name="java.vm.specification.vendor" value="Oracle Corporation"/>
    <property name="java.specification.name" value="Java Platform API Specification"/>
    <property name="java.awt.graphicsenv" value="sun.awt.Win32GraphicsEnvironment"/>
    <property name="surefire.real.class.path" value="C:\Users\99405\AppData\Local\Temp\surefire3986484781544648113\surefirebooter8569157414856087786.jar"/>
    <property name="sun.boot.class.path" value="C:\Program Files\Java\jdk1.8.0_101\jre\lib\resources.jar;C:\Program Files\Java\jdk1.8.0_101\jre\lib\rt.jar;C:\Program Files\Java\jdk1.8.0_101\jre\lib\sunrsasign.jar;C:\Program Files\Java\jdk1.8.0_101\jre\lib\jsse.jar;C:\Program Files\Java\jdk1.8.0_101\jre\lib\jce.jar;C:\Program Files\Java\jdk1.8.0_101\jre\lib\charsets.jar;C:\Program Files\Java\jdk1.8.0_101\jre\lib\jfr.jar;C:\Program Files\Java\jdk1.8.0_101\jre\classes"/>
    <property name="user.script" value=""/>
    <property name="sun.management.compiler" value="HotSpot 64-Bit Tiered Compilers"/>
    <property name="java.runtime.version" value="1.8.0_101-b13"/>
    <property name="user.name" value="吴政杰"/>
    <property name="path.separator" value=";"/>
    <property name="os.version" value="10.0"/>
    <property name="java.endorsed.dirs" value="C:\Program Files\Java\jdk1.8.0_101\jre\lib\endorsed"/>
    <property name="java.runtime.name" value="Java(TM) SE Runtime Environment"/>
    <property name="file.encoding" value="GBK"/>
    <property name="java.vm.name" value="Java HotSpot(TM) 64-Bit Server VM"/>
    <property name="localRepository" value="D:\develop\maven_repository"/>
    <property name="java.vendor.url.bug" value="http://bugreport.sun.com/bugreport/"/>
    <property name="java.io.tmpdir" value="C:\Users\99405\AppData\Local\Temp\"/>
    <property name="idea.version" value="2021.1"/>
    <property name="java.version" value="1.8.0_101"/>
    <property name="user.dir" value="D:\IdeaProjects\hmanage"/>
    <property name="os.arch" value="amd64"/>
    <property name="java.vm.specification.name" value="Java Virtual Machine Specification"/>
    <property name="java.awt.printerjob" value="sun.awt.windows.WPrinterJob"/>
    <property name="sun.os.patch.level" value=""/>
    <property name="java.library.path" value="C:\Program Files\Java\jdk1.8.0_101\jre\bin;C:\WINDOWS\Sun\Java\bin;C:\WINDOWS\system32;C:\WINDOWS;C:\ProgramData\Oracle\Java\javapath;C:\Program Files (x86)\Common Files\Oracle\Java\javapath;C:\windows\system32;C:\windows;C:\windows\System32\Wbem;C:\windows\System32\WindowsPowerShell\v1.0\;C:\windows\System32\OpenSSH\;C:\Program Files (x86)\NVIDIA Corporation\PhysX\Common;C:\Program Files\Java\jdk1.8.0_101\bin;&quot;D;\Program Files\Java\jre6&quot;;C:\Program Files\Intel\WiFi\bin\;C:\Program Files\Common Files\Intel\WirelessCommon\;C:\WINDOWS\system32;C:\WINDOWS;C:\WINDOWS\System32\Wbem;C:\WINDOWS\System32\WindowsPowerShell\v1.0\;C:\WINDOWS\System32\OpenSSH\;C:\Program Files\Microsoft SQL Server\Client SDK\ODBC\130\Tools\Binn\;C:\Program Files\NVIDIA Corporation\NVIDIA NvDLISR;D:\ruanjian\bin;C:\Program Files\dotnet\;D:\develop\mysql-5.7.32\bin;D:\develop\apache-maven-3.5.2-bin\apache-maven-3.5.2\bin;C:\Program Files\Git\cmd;C:\Program Files\Microsoft SQL Server\130\Tools\Binn\;C:\WINDOWS\system32;C:\WINDOWS;C:\WINDOWS\System32\Wbem;C:\WINDOWS\System32\WindowsPowerShell\v1.0\;C:\WINDOWS\System32\OpenSSH\;C:\Program Files\nodejs\;D:\develop\Android\Sdk\platform-tools;D:\develop\Android\Sdk\tools;D:\Python\Python37\Scripts\;D:\Python\Python37\;C:\Users\99405\AppData\Local\Microsoft\WindowsApps;C:\Program Files\JetBrains\IntelliJ IDEA 2019.3\bin;C:\Users\99405\.dotnet\tools;D:\develop\mingw64\mingw64\bin;C:\Users\99405\AppData\Local\Microsoft\WindowsApps;C:\Users\99405\AppData\Roaming\npm;D:\develop\Android\Sdk\platform-tools;D:\develop\Android\Sdk\tools;;."/>
    <property name="java.vm.info" value="mixed mode"/>
    <property name="java.vendor" value="Oracle Corporation"/>
    <property name="java.vm.version" value="25.101-b13"/>
    <property name="java.ext.dirs" value="C:\Program Files\Java\jdk1.8.0_101\jre\lib\ext;C:\WINDOWS\Sun\Java\lib\ext"/>
    <property name="sun.io.unicode.encoding" value="UnicodeLittle"/>
    <property name="java.class.version" value="52.0"/>
  </properties>
  <testcase name="contextLoads" classname="com.manage.HmanageJavaApplicationTests" time="0.011">
    <error message="Failed to load ApplicationContext" type="java.lang.IllegalStateException">java.lang.IllegalStateException: Failed to load ApplicationContext
Caused by: org.springframework.beans.factory.UnsatisfiedDependencyException: Error creating bean with name 'securityConfig': Unsatisfied dependency expressed through field 'adminService'; nested exception is org.springframework.beans.factory.UnsatisfiedDependencyException: Error creating bean with name 'umsAdminServiceImpl': Unsatisfied dependency expressed through field 'adminCacheService'; nested exception is org.springframework.beans.factory.BeanCreationException: Error creating bean with name 'umsAdminCacheServiceImpl': Injection of autowired dependencies failed; nested exception is java.lang.IllegalArgumentException: Could not resolve placeholder 'redis.database' in value "${redis.database}"
Caused by: org.springframework.beans.factory.UnsatisfiedDependencyException: Error creating bean with name 'umsAdminServiceImpl': Unsatisfied dependency expressed through field 'adminCacheService'; nested exception is org.springframework.beans.factory.BeanCreationException: Error creating bean with name 'umsAdminCacheServiceImpl': Injection of autowired dependencies failed; nested exception is java.lang.IllegalArgumentException: Could not resolve placeholder 'redis.database' in value "${redis.database}"
Caused by: org.springframework.beans.factory.BeanCreationException: Error creating bean with name 'umsAdminCacheServiceImpl': Injection of autowired dependencies failed; nested exception is java.lang.IllegalArgumentException: Could not resolve placeholder 'redis.database' in value "${redis.database}"
Caused by: java.lang.IllegalArgumentException: Could not resolve placeholder 'redis.database' in value "${redis.database}"
</error>
    <system-out><![CDATA[18:31:03.390 [main] DEBUG org.springframework.test.context.BootstrapUtils - Instantiating CacheAwareContextLoaderDelegate from class [org.springframework.test.context.cache.DefaultCacheAwareContextLoaderDelegate]
18:31:03.413 [main] DEBUG org.springframework.test.context.BootstrapUtils - Instantiating BootstrapContext using constructor [public org.springframework.test.context.support.DefaultBootstrapContext(java.lang.Class,org.springframework.test.context.CacheAwareContextLoaderDelegate)]
18:31:03.450 [main] DEBUG org.springframework.test.context.BootstrapUtils - Instantiating TestContextBootstrapper for test class [com.manage.HmanageJavaApplicationTests] from class [org.springframework.boot.test.context.SpringBootTestContextBootstrapper]
18:31:03.460 [main] INFO org.springframework.boot.test.context.SpringBootTestContextBootstrapper - Neither @ContextConfiguration nor @ContextHierarchy found for test class [com.manage.HmanageJavaApplicationTests], using SpringBootContextLoader
18:31:03.463 [main] DEBUG org.springframework.test.context.support.AbstractContextLoader - Did not detect default resource location for test class [com.manage.HmanageJavaApplicationTests]: class path resource [com/manage/HmanageJavaApplicationTests-context.xml] does not exist
18:31:03.463 [main] DEBUG org.springframework.test.context.support.AbstractContextLoader - Did not detect default resource location for test class [com.manage.HmanageJavaApplicationTests]: class path resource [com/manage/HmanageJavaApplicationTestsContext.groovy] does not exist
18:31:03.463 [main] INFO org.springframework.test.context.support.AbstractContextLoader - Could not detect default resource locations for test class [com.manage.HmanageJavaApplicationTests]: no resource found for suffixes {-context.xml, Context.groovy}.
18:31:03.464 [main] INFO org.springframework.test.context.support.AnnotationConfigContextLoaderUtils - Could not detect default configuration classes for test class [com.manage.HmanageJavaApplicationTests]: HmanageJavaApplicationTests does not declare any static, non-private, non-final, nested classes annotated with @Configuration.
18:31:03.509 [main] DEBUG org.springframework.test.context.support.ActiveProfilesUtils - Could not find an 'annotation declaring class' for annotation type [org.springframework.test.context.ActiveProfiles] and class [com.manage.HmanageJavaApplicationTests]
18:31:03.559 [main] DEBUG org.springframework.context.annotation.ClassPathScanningCandidateComponentProvider - Identified candidate component class: file [D:\IdeaProjects\hmanage\target\classes\com\manage\HmanageJavaApplication.class]
18:31:03.560 [main] INFO org.springframework.boot.test.context.SpringBootTestContextBootstrapper - Found @SpringBootConfiguration com.manage.HmanageJavaApplication for test class com.manage.HmanageJavaApplicationTests
18:31:03.640 [main] DEBUG org.springframework.boot.test.context.SpringBootTestContextBootstrapper - @TestExecutionListeners is not present for class [com.manage.HmanageJavaApplicationTests]: using defaults.
18:31:03.640 [main] INFO org.springframework.boot.test.context.SpringBootTestContextBootstrapper - Loaded default TestExecutionListener class names from location [META-INF/spring.factories]: [org.springframework.boot.test.mock.mockito.MockitoTestExecutionListener, org.springframework.boot.test.mock.mockito.ResetMocksTestExecutionListener, org.springframework.boot.test.autoconfigure.restdocs.RestDocsTestExecutionListener, org.springframework.boot.test.autoconfigure.web.client.MockRestServiceServerResetTestExecutionListener, org.springframework.boot.test.autoconfigure.web.servlet.MockMvcPrintOnlyOnFailureTestExecutionListener, org.springframework.boot.test.autoconfigure.web.servlet.WebDriverTestExecutionListener, org.springframework.boot.test.autoconfigure.webservices.client.MockWebServiceServerTestExecutionListener, org.springframework.test.context.web.ServletTestExecutionListener, org.springframework.test.context.support.DirtiesContextBeforeModesTestExecutionListener, org.springframework.test.context.support.DependencyInjectionTestExecutionListener, org.springframework.test.context.support.DirtiesContextTestExecutionListener, org.springframework.test.context.transaction.TransactionalTestExecutionListener, org.springframework.test.context.jdbc.SqlScriptsTestExecutionListener, org.springframework.test.context.event.EventPublishingTestExecutionListener, org.springframework.security.test.context.support.WithSecurityContextTestExecutionListener, org.springframework.security.test.context.support.ReactorContextTestExecutionListener]
18:31:03.680 [main] INFO org.springframework.boot.test.context.SpringBootTestContextBootstrapper - Using TestExecutionListeners: [org.springframework.test.context.web.ServletTestExecutionListener@23f5b5dc, org.springframework.test.context.support.DirtiesContextBeforeModesTestExecutionListener@34bde49d, org.springframework.boot.test.mock.mockito.MockitoTestExecutionListener@1b1cfb87, org.springframework.boot.test.autoconfigure.SpringBootDependencyInjectionTestExecutionListener@821330f, org.springframework.test.context.support.DirtiesContextTestExecutionListener@6f43c82, org.springframework.test.context.transaction.TransactionalTestExecutionListener@5db6b9cd, org.springframework.test.context.jdbc.SqlScriptsTestExecutionListener@210ab13f, org.springframework.test.context.event.EventPublishingTestExecutionListener@20b2475a, org.springframework.security.test.context.support.WithSecurityContextTestExecutionListener@7857fe2, org.springframework.security.test.context.support.ReactorContextTestExecutionListener@6f15d60e, org.springframework.boot.test.mock.mockito.ResetMocksTestExecutionListener@1be2019a, org.springframework.boot.test.autoconfigure.restdocs.RestDocsTestExecutionListener@29d80d2b, org.springframework.boot.test.autoconfigure.web.client.MockRestServiceServerResetTestExecutionListener@58e1d9d, org.springframework.boot.test.autoconfigure.web.servlet.MockMvcPrintOnlyOnFailureTestExecutionListener@446a1e84, org.springframework.boot.test.autoconfigure.web.servlet.WebDriverTestExecutionListener@4f0f2942, org.springframework.boot.test.autoconfigure.webservices.client.MockWebServiceServerTestExecutionListener@2657d4dd]
18:31:03.690 [main] DEBUG org.springframework.test.context.support.AbstractDirtiesContextTestExecutionListener - Before test class: context [DefaultTestContext@1b919693 testClass = HmanageJavaApplicationTests, testInstance = [null], testMethod = [null], testException = [null], mergedContextConfiguration = [WebMergedContextConfiguration@7fb4f2a9 testClass = HmanageJavaApplicationTests, locations = '{}', classes = '{class com.manage.HmanageJavaApplication}', contextInitializerClasses = '[]', activeProfiles = '{}', propertySourceLocations = '{}', propertySourceProperties = '{org.springframework.boot.test.context.SpringBootTestContextBootstrapper=true}', contextCustomizers = set[org.springframework.boot.test.context.filter.ExcludeFilterContextCustomizer@4d5d943d, org.springframework.boot.test.json.DuplicateJsonObjectContextCustomizerFactory$DuplicateJsonObjectContextCustomizer@692f203f, org.springframework.boot.test.mock.mockito.MockitoContextCustomizer@0, org.springframework.boot.test.web.client.TestRestTemplateContextCustomizer@443118b0, org.springframework.boot.test.web.reactive.server.WebTestClientContextCustomizer@618b19ad, org.springframework.boot.test.autoconfigure.actuate.metrics.MetricsExportContextCustomizerFactory$DisableMetricExportContextCustomizer@411f53a0, org.springframework.boot.test.autoconfigure.properties.PropertyMappingContextCustomizer@0, org.springframework.boot.test.autoconfigure.web.servlet.WebDriverContextCustomizerFactory$Customizer@6a6cb05c, org.springframework.boot.test.context.SpringBootTestArgs@1, org.springframework.boot.test.context.SpringBootTestWebEnvironment@617faa95], resourceBasePath = 'src/main/webapp', contextLoader = 'org.springframework.boot.test.context.SpringBootContextLoader', parent = [null]], attributes = map['org.springframework.test.context.web.ServletTestExecutionListener.activateListener' -> true]], class annotated with @DirtiesContext [false] with mode [null].
18:31:03.723 [main] DEBUG org.springframework.test.context.support.TestPropertySourceUtils - Adding inlined properties to environment: {spring.jmx.enabled=false, org.springframework.boot.test.context.SpringBootTestContextBootstrapper=true}

  .   ____          _            __ _ _
 /\\ / ___'_ __ _ _(_)_ __  __ _ \ \ \ \
( ( )\___ | '_ | '_| | '_ \/ _` | \ \ \ \
 \\/  ___)| |_)| | | | | || (_| |  ) ) ) )
  '  |____| .__|_| |_|_| |_\__, | / / / /
 =========|_|==============|___/=/_/_/_/
 :: Spring Boot ::                (v2.4.0)

2021-06-04 18:31:04.057  INFO 17872 --- [           main] com.manage.HmanageJavaApplicationTests   : Starting HmanageJavaApplicationTests using Java 1.8.0_101 on 吴政杰 with PID 17872 (started by 吴政杰 in D:\IdeaProjects\hmanage)
2021-06-04 18:31:04.057  INFO 17872 --- [           main] com.manage.HmanageJavaApplicationTests   : The following profiles are active: prod
2021-06-04 18:31:04.982  INFO 17872 --- [           main] .s.d.r.c.RepositoryConfigurationDelegate : Multiple Spring Data modules found, entering strict repository configuration mode!
2021-06-04 18:31:04.986  INFO 17872 --- [           main] .s.d.r.c.RepositoryConfigurationDelegate : Bootstrapping Spring Data Redis repositories in DEFAULT mode.
2021-06-04 18:31:05.012  INFO 17872 --- [           main] .s.d.r.c.RepositoryConfigurationDelegate : Finished Spring Data repository scanning in 13 ms. Found 0 Redis repository interfaces.
2021-06-04 18:31:05.472  INFO 17872 --- [           main] trationDelegate$BeanPostProcessorChecker : Bean 'org.springframework.security.access.expression.method.DefaultMethodSecurityExpressionHandler@290e8cab' of type [org.springframework.security.access.expression.method.DefaultMethodSecurityExpressionHandler] is not eligible for getting processed by all BeanPostProcessors (for example: not eligible for auto-proxying)
2021-06-04 18:31:05.483  INFO 17872 --- [           main] trationDelegate$BeanPostProcessorChecker : Bean 'methodSecurityMetadataSource' of type [org.springframework.security.access.method.DelegatingMethodSecurityMetadataSource] is not eligible for getting processed by all BeanPostProcessors (for example: not eligible for auto-proxying)
2021-06-04 18:31:06.693  INFO 17872 --- [           main] c.a.d.s.b.a.DruidDataSourceAutoConfigure : Init DruidDataSource
2021-06-04 18:31:08.132  INFO 17872 --- [           main] com.alibaba.druid.pool.DruidDataSource   : {dataSource-1} inited
2021-06-04 18:31:11.199  WARN 17872 --- [           main] o.s.w.c.s.GenericWebApplicationContext   : Exception encountered during context initialization - cancelling refresh attempt: org.springframework.beans.factory.UnsatisfiedDependencyException: Error creating bean with name 'securityConfig': Unsatisfied dependency expressed through field 'adminService'; nested exception is org.springframework.beans.factory.UnsatisfiedDependencyException: Error creating bean with name 'umsAdminServiceImpl': Unsatisfied dependency expressed through field 'adminCacheService'; nested exception is org.springframework.beans.factory.BeanCreationException: Error creating bean with name 'umsAdminCacheServiceImpl': Injection of autowired dependencies failed; nested exception is java.lang.IllegalArgumentException: Could not resolve placeholder 'redis.database' in value "${redis.database}"
2021-06-04 18:31:11.219  INFO 17872 --- [           main] com.alibaba.druid.pool.DruidDataSource   : {dataSource-1} closed
2021-06-04 18:31:11.253  INFO 17872 --- [           main] ConditionEvaluationReportLoggingListener : 

Error starting ApplicationContext. To display the conditions report re-run your application with 'debug' enabled.
2021-06-04 18:31:11.272 ERROR 17872 --- [           main] o.s.boot.SpringApplication               : Application run failed

org.springframework.beans.factory.UnsatisfiedDependencyException: Error creating bean with name 'securityConfig': Unsatisfied dependency expressed through field 'adminService'; nested exception is org.springframework.beans.factory.UnsatisfiedDependencyException: Error creating bean with name 'umsAdminServiceImpl': Unsatisfied dependency expressed through field 'adminCacheService'; nested exception is org.springframework.beans.factory.BeanCreationException: Error creating bean with name 'umsAdminCacheServiceImpl': Injection of autowired dependencies failed; nested exception is java.lang.IllegalArgumentException: Could not resolve placeholder 'redis.database' in value "${redis.database}"
	at org.springframework.beans.factory.annotation.AutowiredAnnotationBeanPostProcessor$AutowiredFieldElement.inject(AutowiredAnnotationBeanPostProcessor.java:643) ~[spring-beans-5.3.1.jar:5.3.1]
	at org.springframework.beans.factory.annotation.InjectionMetadata.inject(InjectionMetadata.java:119) ~[spring-beans-5.3.1.jar:5.3.1]
	at org.springframework.beans.factory.annotation.AutowiredAnnotationBeanPostProcessor.postProcessProperties(AutowiredAnnotationBeanPostProcessor.java:399) ~[spring-beans-5.3.1.jar:5.3.1]
	at org.springframework.beans.factory.support.AbstractAutowireCapableBeanFactory.populateBean(AbstractAutowireCapableBeanFactory.java:1415) ~[spring-beans-5.3.1.jar:5.3.1]
	at org.springframework.beans.factory.support.AbstractAutowireCapableBeanFactory.doCreateBean(AbstractAutowireCapableBeanFactory.java:608) ~[spring-beans-5.3.1.jar:5.3.1]
	at org.springframework.beans.factory.support.AbstractAutowireCapableBeanFactory.createBean(AbstractAutowireCapableBeanFactory.java:531) ~[spring-beans-5.3.1.jar:5.3.1]
	at org.springframework.beans.factory.support.AbstractBeanFactory.lambda$doGetBean$0(AbstractBeanFactory.java:335) ~[spring-beans-5.3.1.jar:5.3.1]
	at org.springframework.beans.factory.support.DefaultSingletonBeanRegistry.getSingleton(DefaultSingletonBeanRegistry.java:234) ~[spring-beans-5.3.1.jar:5.3.1]
	at org.springframework.beans.factory.support.AbstractBeanFactory.doGetBean(AbstractBeanFactory.java:333) ~[spring-beans-5.3.1.jar:5.3.1]
	at org.springframework.beans.factory.support.AbstractBeanFactory.getBean(AbstractBeanFactory.java:208) ~[spring-beans-5.3.1.jar:5.3.1]
	at org.springframework.beans.factory.support.DefaultListableBeanFactory.preInstantiateSingletons(DefaultListableBeanFactory.java:944) ~[spring-beans-5.3.1.jar:5.3.1]
	at org.springframework.context.support.AbstractApplicationContext.finishBeanFactoryInitialization(AbstractApplicationContext.java:925) ~[spring-context-5.3.1.jar:5.3.1]
	at org.springframework.context.support.AbstractApplicationContext.refresh(AbstractApplicationContext.java:588) ~[spring-context-5.3.1.jar:5.3.1]
	at org.springframework.boot.SpringApplication.refresh(SpringApplication.java:767) ~[spring-boot-2.4.0.jar:2.4.0]
	at org.springframework.boot.SpringApplication.refresh(SpringApplication.java:759) ~[spring-boot-2.4.0.jar:2.4.0]
	at org.springframework.boot.SpringApplication.refreshContext(SpringApplication.java:426) ~[spring-boot-2.4.0.jar:2.4.0]
	at org.springframework.boot.SpringApplication.run(SpringApplication.java:326) ~[spring-boot-2.4.0.jar:2.4.0]
	at org.springframework.boot.test.context.SpringBootContextLoader.loadContext(SpringBootContextLoader.java:122) [spring-boot-test-2.4.0.jar:2.4.0]
	at org.springframework.test.context.cache.DefaultCacheAwareContextLoaderDelegate.loadContextInternal(DefaultCacheAwareContextLoaderDelegate.java:99) [spring-test-5.3.1.jar:5.3.1]
	at org.springframework.test.context.cache.DefaultCacheAwareContextLoaderDelegate.loadContext(DefaultCacheAwareContextLoaderDelegate.java:124) [spring-test-5.3.1.jar:5.3.1]
	at org.springframework.test.context.support.DefaultTestContext.getApplicationContext(DefaultTestContext.java:123) [spring-test-5.3.1.jar:5.3.1]
	at org.springframework.test.context.web.ServletTestExecutionListener.setUpRequestContextIfNecessary(ServletTestExecutionListener.java:190) [spring-test-5.3.1.jar:5.3.1]
	at org.springframework.test.context.web.ServletTestExecutionListener.prepareTestInstance(ServletTestExecutionListener.java:132) [spring-test-5.3.1.jar:5.3.1]
	at org.springframework.test.context.TestContextManager.prepareTestInstance(TestContextManager.java:244) [spring-test-5.3.1.jar:5.3.1]
	at org.springframework.test.context.junit.jupiter.SpringExtension.postProcessTestInstance(SpringExtension.java:99) [spring-test-5.3.1.jar:5.3.1]
	at org.junit.jupiter.engine.descriptor.ClassBasedTestDescriptor.lambda$invokeTestInstancePostProcessors$6(ClassBasedTestDescriptor.java:350) [junit-jupiter-engine-5.7.0.jar:5.7.0]
	at org.junit.jupiter.engine.descriptor.ClassBasedTestDescriptor.executeAndMaskThrowable(ClassBasedTestDescriptor.java:355) [junit-jupiter-engine-5.7.0.jar:5.7.0]
	at org.junit.jupiter.engine.descriptor.ClassBasedTestDescriptor.lambda$invokeTestInstancePostProcessors$7(ClassBasedTestDescriptor.java:350) [junit-jupiter-engine-5.7.0.jar:5.7.0]
	at java.util.stream.ReferencePipeline$3$1.accept(ReferencePipeline.java:193) ~[na:1.8.0_101]
	at java.util.stream.ReferencePipeline$2$1.accept(ReferencePipeline.java:175) ~[na:1.8.0_101]
	at java.util.ArrayList$ArrayListSpliterator.forEachRemaining(ArrayList.java:1374) ~[na:1.8.0_101]
	at java.util.stream.AbstractPipeline.copyInto(AbstractPipeline.java:481) ~[na:1.8.0_101]
	at java.util.stream.AbstractPipeline.wrapAndCopyInto(AbstractPipeline.java:471) ~[na:1.8.0_101]
	at java.util.stream.StreamSpliterators$WrappingSpliterator.forEachRemaining(StreamSpliterators.java:312) ~[na:1.8.0_101]
	at java.util.stream.Streams$ConcatSpliterator.forEachRemaining(Streams.java:743) ~[na:1.8.0_101]
	at java.util.stream.Streams$ConcatSpliterator.forEachRemaining(Streams.java:742) ~[na:1.8.0_101]
	at java.util.stream.ReferencePipeline$Head.forEach(ReferencePipeline.java:580) ~[na:1.8.0_101]
	at org.junit.jupiter.engine.descriptor.ClassBasedTestDescriptor.invokeTestInstancePostProcessors(ClassBasedTestDescriptor.java:349) [junit-jupiter-engine-5.7.0.jar:5.7.0]
	at org.junit.jupiter.engine.descriptor.ClassBasedTestDescriptor.lambda$instantiateAndPostProcessTestInstance$4(ClassBasedTestDescriptor.java:270) [junit-jupiter-engine-5.7.0.jar:5.7.0]
	at org.junit.platform.engine.support.hierarchical.ThrowableCollector.execute(ThrowableCollector.java:73) ~[junit-platform-engine-1.7.0.jar:1.7.0]
	at org.junit.jupiter.engine.descriptor.ClassBasedTestDescriptor.instantiateAndPostProcessTestInstance(ClassBasedTestDescriptor.java:269) [junit-jupiter-engine-5.7.0.jar:5.7.0]
	at org.junit.jupiter.engine.descriptor.ClassBasedTestDescriptor.lambda$testInstancesProvider$2(ClassBasedTestDescriptor.java:259) [junit-jupiter-engine-5.7.0.jar:5.7.0]
	at java.util.Optional.orElseGet(Optional.java:267) ~[na:1.8.0_101]
	at org.junit.jupiter.engine.descriptor.ClassBasedTestDescriptor.lambda$testInstancesProvider$3(ClassBasedTestDescriptor.java:258) [junit-jupiter-engine-5.7.0.jar:5.7.0]
	at org.junit.jupiter.engine.execution.TestInstancesProvider.getTestInstances(TestInstancesProvider.java:31) ~[junit-jupiter-engine-5.7.0.jar:5.7.0]
	at org.junit.jupiter.engine.descriptor.TestMethodTestDescriptor.lambda$prepare$0(TestMethodTestDescriptor.java:101) ~[junit-jupiter-engine-5.7.0.jar:5.7.0]
	at org.junit.platform.engine.support.hierarchical.ThrowableCollector.execute(ThrowableCollector.java:73) ~[junit-platform-engine-1.7.0.jar:1.7.0]
	at org.junit.jupiter.engine.descriptor.TestMethodTestDescriptor.prepare(TestMethodTestDescriptor.java:100) ~[junit-jupiter-engine-5.7.0.jar:5.7.0]
	at org.junit.jupiter.engine.descriptor.TestMethodTestDescriptor.prepare(TestMethodTestDescriptor.java:65) ~[junit-jupiter-engine-5.7.0.jar:5.7.0]
	at org.junit.platform.engine.support.hierarchical.NodeTestTask.lambda$prepare$1(NodeTestTask.java:111) ~[junit-platform-engine-1.7.0.jar:1.7.0]
	at org.junit.platform.engine.support.hierarchical.ThrowableCollector.execute(ThrowableCollector.java:73) ~[junit-platform-engine-1.7.0.jar:1.7.0]
	at org.junit.platform.engine.support.hierarchical.NodeTestTask.prepare(NodeTestTask.java:111) ~[junit-platform-engine-1.7.0.jar:1.7.0]
	at org.junit.platform.engine.support.hierarchical.NodeTestTask.execute(NodeTestTask.java:79) ~[junit-platform-engine-1.7.0.jar:1.7.0]
	at java.util.ArrayList.forEach(ArrayList.java:1249) ~[na:1.8.0_101]
	at org.junit.platform.engine.support.hierarchical.SameThreadHierarchicalTestExecutorService.invokeAll(SameThreadHierarchicalTestExecutorService.java:38) ~[junit-platform-engine-1.7.0.jar:1.7.0]
	at org.junit.platform.engine.support.hierarchical.NodeTestTask.lambda$executeRecursively$5(NodeTestTask.java:143) ~[junit-platform-engine-1.7.0.jar:1.7.0]
	at org.junit.platform.engine.support.hierarchical.ThrowableCollector.execute(ThrowableCollector.java:73) ~[junit-platform-engine-1.7.0.jar:1.7.0]
	at org.junit.platform.engine.support.hierarchical.NodeTestTask.lambda$executeRecursively$7(NodeTestTask.java:129) ~[junit-platform-engine-1.7.0.jar:1.7.0]
	at org.junit.platform.engine.support.hierarchical.Node.around(Node.java:137) ~[junit-platform-engine-1.7.0.jar:1.7.0]
	at org.junit.platform.engine.support.hierarchical.NodeTestTask.lambda$executeRecursively$8(NodeTestTask.java:127) ~[junit-platform-engine-1.7.0.jar:1.7.0]
	at org.junit.platform.engine.support.hierarchical.ThrowableCollector.execute(ThrowableCollector.java:73) ~[junit-platform-engine-1.7.0.jar:1.7.0]
	at org.junit.platform.engine.support.hierarchical.NodeTestTask.executeRecursively(NodeTestTask.java:126) ~[junit-platform-engine-1.7.0.jar:1.7.0]
	at org.junit.platform.engine.support.hierarchical.NodeTestTask.execute(NodeTestTask.java:84) ~[junit-platform-engine-1.7.0.jar:1.7.0]
	at java.util.ArrayList.forEach(ArrayList.java:1249) ~[na:1.8.0_101]
	at org.junit.platform.engine.support.hierarchical.SameThreadHierarchicalTestExecutorService.invokeAll(SameThreadHierarchicalTestExecutorService.java:38) ~[junit-platform-engine-1.7.0.jar:1.7.0]
	at org.junit.platform.engine.support.hierarchical.NodeTestTask.lambda$executeRecursively$5(NodeTestTask.java:143) ~[junit-platform-engine-1.7.0.jar:1.7.0]
	at org.junit.platform.engine.support.hierarchical.ThrowableCollector.execute(ThrowableCollector.java:73) ~[junit-platform-engine-1.7.0.jar:1.7.0]
	at org.junit.platform.engine.support.hierarchical.NodeTestTask.lambda$executeRecursively$7(NodeTestTask.java:129) ~[junit-platform-engine-1.7.0.jar:1.7.0]
	at org.junit.platform.engine.support.hierarchical.Node.around(Node.java:137) ~[junit-platform-engine-1.7.0.jar:1.7.0]
	at org.junit.platform.engine.support.hierarchical.NodeTestTask.lambda$executeRecursively$8(NodeTestTask.java:127) ~[junit-platform-engine-1.7.0.jar:1.7.0]
	at org.junit.platform.engine.support.hierarchical.ThrowableCollector.execute(ThrowableCollector.java:73) ~[junit-platform-engine-1.7.0.jar:1.7.0]
	at org.junit.platform.engine.support.hierarchical.NodeTestTask.executeRecursively(NodeTestTask.java:126) ~[junit-platform-engine-1.7.0.jar:1.7.0]
	at org.junit.platform.engine.support.hierarchical.NodeTestTask.execute(NodeTestTask.java:84) ~[junit-platform-engine-1.7.0.jar:1.7.0]
	at org.junit.platform.engine.support.hierarchical.SameThreadHierarchicalTestExecutorService.submit(SameThreadHierarchicalTestExecutorService.java:32) ~[junit-platform-engine-1.7.0.jar:1.7.0]
	at org.junit.platform.engine.support.hierarchical.HierarchicalTestExecutor.execute(HierarchicalTestExecutor.java:57) ~[junit-platform-engine-1.7.0.jar:1.7.0]
	at org.junit.platform.engine.support.hierarchical.HierarchicalTestEngine.execute(HierarchicalTestEngine.java:51) ~[junit-platform-engine-1.7.0.jar:1.7.0]
	at org.junit.platform.launcher.core.EngineExecutionOrchestrator.execute(EngineExecutionOrchestrator.java:108) ~[junit-platform-launcher-1.7.0.jar:1.7.0]
	at org.junit.platform.launcher.core.EngineExecutionOrchestrator.execute(EngineExecutionOrchestrator.java:88) ~[junit-platform-launcher-1.7.0.jar:1.7.0]
	at org.junit.platform.launcher.core.EngineExecutionOrchestrator.lambda$execute$0(EngineExecutionOrchestrator.java:54) ~[junit-platform-launcher-1.7.0.jar:1.7.0]
	at org.junit.platform.launcher.core.EngineExecutionOrchestrator.withInterceptedStreams(EngineExecutionOrchestrator.java:67) ~[junit-platform-launcher-1.7.0.jar:1.7.0]
	at org.junit.platform.launcher.core.EngineExecutionOrchestrator.execute(EngineExecutionOrchestrator.java:52) ~[junit-platform-launcher-1.7.0.jar:1.7.0]
	at org.junit.platform.launcher.core.DefaultLauncher.execute(DefaultLauncher.java:96) ~[junit-platform-launcher-1.7.0.jar:1.7.0]
	at org.junit.platform.launcher.core.DefaultLauncher.execute(DefaultLauncher.java:75) ~[junit-platform-launcher-1.7.0.jar:1.7.0]
	at org.apache.maven.surefire.junitplatform.JUnitPlatformProvider.invokeAllTests(JUnitPlatformProvider.java:150) ~[surefire-junit-platform-2.22.2.jar:2.22.2]
	at org.apache.maven.surefire.junitplatform.JUnitPlatformProvider.invoke(JUnitPlatformProvider.java:124) ~[surefire-junit-platform-2.22.2.jar:2.22.2]
	at org.apache.maven.surefire.booter.ForkedBooter.invokeProviderInSameClassLoader(ForkedBooter.java:384) ~[surefire-booter-2.22.2.jar:2.22.2]
	at org.apache.maven.surefire.booter.ForkedBooter.runSuitesInProcess(ForkedBooter.java:345) ~[surefire-booter-2.22.2.jar:2.22.2]
	at org.apache.maven.surefire.booter.ForkedBooter.execute(ForkedBooter.java:126) ~[surefire-booter-2.22.2.jar:2.22.2]
	at org.apache.maven.surefire.booter.ForkedBooter.main(ForkedBooter.java:418) ~[surefire-booter-2.22.2.jar:2.22.2]
Caused by: org.springframework.beans.factory.UnsatisfiedDependencyException: Error creating bean with name 'umsAdminServiceImpl': Unsatisfied dependency expressed through field 'adminCacheService'; nested exception is org.springframework.beans.factory.BeanCreationException: Error creating bean with name 'umsAdminCacheServiceImpl': Injection of autowired dependencies failed; nested exception is java.lang.IllegalArgumentException: Could not resolve placeholder 'redis.database' in value "${redis.database}"
	at org.springframework.beans.factory.annotation.AutowiredAnnotationBeanPostProcessor$AutowiredFieldElement.inject(AutowiredAnnotationBeanPostProcessor.java:643) ~[spring-beans-5.3.1.jar:5.3.1]
	at org.springframework.beans.factory.annotation.InjectionMetadata.inject(InjectionMetadata.java:119) ~[spring-beans-5.3.1.jar:5.3.1]
	at org.springframework.beans.factory.annotation.AutowiredAnnotationBeanPostProcessor.postProcessProperties(AutowiredAnnotationBeanPostProcessor.java:399) ~[spring-beans-5.3.1.jar:5.3.1]
	at org.springframework.beans.factory.support.AbstractAutowireCapableBeanFactory.populateBean(AbstractAutowireCapableBeanFactory.java:1415) ~[spring-beans-5.3.1.jar:5.3.1]
	at org.springframework.beans.factory.support.AbstractAutowireCapableBeanFactory.doCreateBean(AbstractAutowireCapableBeanFactory.java:608) ~[spring-beans-5.3.1.jar:5.3.1]
	at org.springframework.beans.factory.support.AbstractAutowireCapableBeanFactory.createBean(AbstractAutowireCapableBeanFactory.java:531) ~[spring-beans-5.3.1.jar:5.3.1]
	at org.springframework.beans.factory.support.AbstractBeanFactory.lambda$doGetBean$0(AbstractBeanFactory.java:335) ~[spring-beans-5.3.1.jar:5.3.1]
	at org.springframework.beans.factory.support.DefaultSingletonBeanRegistry.getSingleton(DefaultSingletonBeanRegistry.java:234) ~[spring-beans-5.3.1.jar:5.3.1]
	at org.springframework.beans.factory.support.AbstractBeanFactory.doGetBean(AbstractBeanFactory.java:333) ~[spring-beans-5.3.1.jar:5.3.1]
	at org.springframework.beans.factory.support.AbstractBeanFactory.getBean(AbstractBeanFactory.java:208) ~[spring-beans-5.3.1.jar:5.3.1]
	at org.springframework.beans.factory.config.DependencyDescriptor.resolveCandidate(DependencyDescriptor.java:276) ~[spring-beans-5.3.1.jar:5.3.1]
	at org.springframework.beans.factory.support.DefaultListableBeanFactory.doResolveDependency(DefaultListableBeanFactory.java:1367) ~[spring-beans-5.3.1.jar:5.3.1]
	at org.springframework.beans.factory.support.DefaultListableBeanFactory.resolveDependency(DefaultListableBeanFactory.java:1287) ~[spring-beans-5.3.1.jar:5.3.1]
	at org.springframework.beans.factory.annotation.AutowiredAnnotationBeanPostProcessor$AutowiredFieldElement.inject(AutowiredAnnotationBeanPostProcessor.java:640) ~[spring-beans-5.3.1.jar:5.3.1]
	... 88 common frames omitted
Caused by: org.springframework.beans.factory.BeanCreationException: Error creating bean with name 'umsAdminCacheServiceImpl': Injection of autowired dependencies failed; nested exception is java.lang.IllegalArgumentException: Could not resolve placeholder 'redis.database' in value "${redis.database}"
	at org.springframework.beans.factory.annotation.AutowiredAnnotationBeanPostProcessor.postProcessProperties(AutowiredAnnotationBeanPostProcessor.java:405) ~[spring-beans-5.3.1.jar:5.3.1]
	at org.springframework.beans.factory.support.AbstractAutowireCapableBeanFactory.populateBean(AbstractAutowireCapableBeanFactory.java:1415) ~[spring-beans-5.3.1.jar:5.3.1]
	at org.springframework.beans.factory.support.AbstractAutowireCapableBeanFactory.doCreateBean(AbstractAutowireCapableBeanFactory.java:608) ~[spring-beans-5.3.1.jar:5.3.1]
	at org.springframework.beans.factory.support.AbstractAutowireCapableBeanFactory.createBean(AbstractAutowireCapableBeanFactory.java:531) ~[spring-beans-5.3.1.jar:5.3.1]
	at org.springframework.beans.factory.support.AbstractBeanFactory.lambda$doGetBean$0(AbstractBeanFactory.java:335) ~[spring-beans-5.3.1.jar:5.3.1]
	at org.springframework.beans.factory.support.DefaultSingletonBeanRegistry.getSingleton(DefaultSingletonBeanRegistry.java:234) ~[spring-beans-5.3.1.jar:5.3.1]
	at org.springframework.beans.factory.support.AbstractBeanFactory.doGetBean(AbstractBeanFactory.java:333) ~[spring-beans-5.3.1.jar:5.3.1]
	at org.springframework.beans.factory.support.AbstractBeanFactory.getBean(AbstractBeanFactory.java:208) ~[spring-beans-5.3.1.jar:5.3.1]
	at org.springframework.beans.factory.config.DependencyDescriptor.resolveCandidate(DependencyDescriptor.java:276) ~[spring-beans-5.3.1.jar:5.3.1]
	at org.springframework.beans.factory.support.DefaultListableBeanFactory.doResolveDependency(DefaultListableBeanFactory.java:1367) ~[spring-beans-5.3.1.jar:5.3.1]
	at org.springframework.beans.factory.support.DefaultListableBeanFactory.resolveDependency(DefaultListableBeanFactory.java:1287) ~[spring-beans-5.3.1.jar:5.3.1]
	at org.springframework.beans.factory.annotation.AutowiredAnnotationBeanPostProcessor$AutowiredFieldElement.inject(AutowiredAnnotationBeanPostProcessor.java:640) ~[spring-beans-5.3.1.jar:5.3.1]
	... 101 common frames omitted
Caused by: java.lang.IllegalArgumentException: Could not resolve placeholder 'redis.database' in value "${redis.database}"
	at org.springframework.util.PropertyPlaceholderHelper.parseStringValue(PropertyPlaceholderHelper.java:178) ~[spring-core-5.3.1.jar:5.3.1]
	at org.springframework.util.PropertyPlaceholderHelper.replacePlaceholders(PropertyPlaceholderHelper.java:124) ~[spring-core-5.3.1.jar:5.3.1]
	at org.springframework.core.env.AbstractPropertyResolver.doResolvePlaceholders(AbstractPropertyResolver.java:239) ~[spring-core-5.3.1.jar:5.3.1]
	at org.springframework.core.env.AbstractPropertyResolver.resolveRequiredPlaceholders(AbstractPropertyResolver.java:210) ~[spring-core-5.3.1.jar:5.3.1]
	at org.springframework.context.support.PropertySourcesPlaceholderConfigurer.lambda$processProperties$0(PropertySourcesPlaceholderConfigurer.java:175) ~[spring-context-5.3.1.jar:5.3.1]
	at org.springframework.beans.factory.support.AbstractBeanFactory.resolveEmbeddedValue(AbstractBeanFactory.java:931) ~[spring-beans-5.3.1.jar:5.3.1]
	at org.springframework.beans.factory.support.DefaultListableBeanFactory.doResolveDependency(DefaultListableBeanFactory.java:1308) ~[spring-beans-5.3.1.jar:5.3.1]
	at org.springframework.beans.factory.support.DefaultListableBeanFactory.resolveDependency(DefaultListableBeanFactory.java:1287) ~[spring-beans-5.3.1.jar:5.3.1]
	at org.springframework.beans.factory.annotation.AutowiredAnnotationBeanPostProcessor$AutowiredFieldElement.inject(AutowiredAnnotationBeanPostProcessor.java:640) ~[spring-beans-5.3.1.jar:5.3.1]
	at org.springframework.beans.factory.annotation.InjectionMetadata.inject(InjectionMetadata.java:119) ~[spring-beans-5.3.1.jar:5.3.1]
	at org.springframework.beans.factory.annotation.AutowiredAnnotationBeanPostProcessor.postProcessProperties(AutowiredAnnotationBeanPostProcessor.java:399) ~[spring-beans-5.3.1.jar:5.3.1]
	... 112 common frames omitted

2021-06-04 18:31:11.276 ERROR 17872 --- [           main] o.s.test.context.TestContextManager      : Caught exception while allowing TestExecutionListener [org.springframework.test.context.web.ServletTestExecutionListener@23f5b5dc] to prepare test instance [com.manage.HmanageJavaApplicationTests@2c8b8de0]

java.lang.IllegalStateException: Failed to load ApplicationContext
	at org.springframework.test.context.cache.DefaultCacheAwareContextLoaderDelegate.loadContext(DefaultCacheAwareContextLoaderDelegate.java:132) ~[spring-test-5.3.1.jar:5.3.1]
	at org.springframework.test.context.support.DefaultTestContext.getApplicationContext(DefaultTestContext.java:123) ~[spring-test-5.3.1.jar:5.3.1]
	at org.springframework.test.context.web.ServletTestExecutionListener.setUpRequestContextIfNecessary(ServletTestExecutionListener.java:190) ~[spring-test-5.3.1.jar:5.3.1]
	at org.springframework.test.context.web.ServletTestExecutionListener.prepareTestInstance(ServletTestExecutionListener.java:132) ~[spring-test-5.3.1.jar:5.3.1]
	at org.springframework.test.context.TestContextManager.prepareTestInstance(TestContextManager.java:244) ~[spring-test-5.3.1.jar:5.3.1]
	at org.springframework.test.context.junit.jupiter.SpringExtension.postProcessTestInstance(SpringExtension.java:99) [spring-test-5.3.1.jar:5.3.1]
	at org.junit.jupiter.engine.descriptor.ClassBasedTestDescriptor.lambda$invokeTestInstancePostProcessors$6(ClassBasedTestDescriptor.java:350) [junit-jupiter-engine-5.7.0.jar:5.7.0]
	at org.junit.jupiter.engine.descriptor.ClassBasedTestDescriptor.executeAndMaskThrowable(ClassBasedTestDescriptor.java:355) [junit-jupiter-engine-5.7.0.jar:5.7.0]
	at org.junit.jupiter.engine.descriptor.ClassBasedTestDescriptor.lambda$invokeTestInstancePostProcessors$7(ClassBasedTestDescriptor.java:350) [junit-jupiter-engine-5.7.0.jar:5.7.0]
	at java.util.stream.ReferencePipeline$3$1.accept(ReferencePipeline.java:193) ~[na:1.8.0_101]
	at java.util.stream.ReferencePipeline$2$1.accept(ReferencePipeline.java:175) ~[na:1.8.0_101]
	at java.util.ArrayList$ArrayListSpliterator.forEachRemaining(ArrayList.java:1374) ~[na:1.8.0_101]
	at java.util.stream.AbstractPipeline.copyInto(AbstractPipeline.java:481) ~[na:1.8.0_101]
	at java.util.stream.AbstractPipeline.wrapAndCopyInto(AbstractPipeline.java:471) ~[na:1.8.0_101]
	at java.util.stream.StreamSpliterators$WrappingSpliterator.forEachRemaining(StreamSpliterators.java:312) ~[na:1.8.0_101]
	at java.util.stream.Streams$ConcatSpliterator.forEachRemaining(Streams.java:743) ~[na:1.8.0_101]
	at java.util.stream.Streams$ConcatSpliterator.forEachRemaining(Streams.java:742) ~[na:1.8.0_101]
	at java.util.stream.ReferencePipeline$Head.forEach(ReferencePipeline.java:580) ~[na:1.8.0_101]
	at org.junit.jupiter.engine.descriptor.ClassBasedTestDescriptor.invokeTestInstancePostProcessors(ClassBasedTestDescriptor.java:349) [junit-jupiter-engine-5.7.0.jar:5.7.0]
	at org.junit.jupiter.engine.descriptor.ClassBasedTestDescriptor.lambda$instantiateAndPostProcessTestInstance$4(ClassBasedTestDescriptor.java:270) [junit-jupiter-engine-5.7.0.jar:5.7.0]
	at org.junit.platform.engine.support.hierarchical.ThrowableCollector.execute(ThrowableCollector.java:73) ~[junit-platform-engine-1.7.0.jar:1.7.0]
	at org.junit.jupiter.engine.descriptor.ClassBasedTestDescriptor.instantiateAndPostProcessTestInstance(ClassBasedTestDescriptor.java:269) [junit-jupiter-engine-5.7.0.jar:5.7.0]
	at org.junit.jupiter.engine.descriptor.ClassBasedTestDescriptor.lambda$testInstancesProvider$2(ClassBasedTestDescriptor.java:259) [junit-jupiter-engine-5.7.0.jar:5.7.0]
	at java.util.Optional.orElseGet(Optional.java:267) ~[na:1.8.0_101]
	at org.junit.jupiter.engine.descriptor.ClassBasedTestDescriptor.lambda$testInstancesProvider$3(ClassBasedTestDescriptor.java:258) [junit-jupiter-engine-5.7.0.jar:5.7.0]
	at org.junit.jupiter.engine.execution.TestInstancesProvider.getTestInstances(TestInstancesProvider.java:31) ~[junit-jupiter-engine-5.7.0.jar:5.7.0]
	at org.junit.jupiter.engine.descriptor.TestMethodTestDescriptor.lambda$prepare$0(TestMethodTestDescriptor.java:101) ~[junit-jupiter-engine-5.7.0.jar:5.7.0]
	at org.junit.platform.engine.support.hierarchical.ThrowableCollector.execute(ThrowableCollector.java:73) ~[junit-platform-engine-1.7.0.jar:1.7.0]
	at org.junit.jupiter.engine.descriptor.TestMethodTestDescriptor.prepare(TestMethodTestDescriptor.java:100) ~[junit-jupiter-engine-5.7.0.jar:5.7.0]
	at org.junit.jupiter.engine.descriptor.TestMethodTestDescriptor.prepare(TestMethodTestDescriptor.java:65) ~[junit-jupiter-engine-5.7.0.jar:5.7.0]
	at org.junit.platform.engine.support.hierarchical.NodeTestTask.lambda$prepare$1(NodeTestTask.java:111) ~[junit-platform-engine-1.7.0.jar:1.7.0]
	at org.junit.platform.engine.support.hierarchical.ThrowableCollector.execute(ThrowableCollector.java:73) ~[junit-platform-engine-1.7.0.jar:1.7.0]
	at org.junit.platform.engine.support.hierarchical.NodeTestTask.prepare(NodeTestTask.java:111) ~[junit-platform-engine-1.7.0.jar:1.7.0]
	at org.junit.platform.engine.support.hierarchical.NodeTestTask.execute(NodeTestTask.java:79) ~[junit-platform-engine-1.7.0.jar:1.7.0]
	at java.util.ArrayList.forEach(ArrayList.java:1249) ~[na:1.8.0_101]
	at org.junit.platform.engine.support.hierarchical.SameThreadHierarchicalTestExecutorService.invokeAll(SameThreadHierarchicalTestExecutorService.java:38) ~[junit-platform-engine-1.7.0.jar:1.7.0]
	at org.junit.platform.engine.support.hierarchical.NodeTestTask.lambda$executeRecursively$5(NodeTestTask.java:143) ~[junit-platform-engine-1.7.0.jar:1.7.0]
	at org.junit.platform.engine.support.hierarchical.ThrowableCollector.execute(ThrowableCollector.java:73) ~[junit-platform-engine-1.7.0.jar:1.7.0]
	at org.junit.platform.engine.support.hierarchical.NodeTestTask.lambda$executeRecursively$7(NodeTestTask.java:129) ~[junit-platform-engine-1.7.0.jar:1.7.0]
	at org.junit.platform.engine.support.hierarchical.Node.around(Node.java:137) ~[junit-platform-engine-1.7.0.jar:1.7.0]
	at org.junit.platform.engine.support.hierarchical.NodeTestTask.lambda$executeRecursively$8(NodeTestTask.java:127) ~[junit-platform-engine-1.7.0.jar:1.7.0]
	at org.junit.platform.engine.support.hierarchical.ThrowableCollector.execute(ThrowableCollector.java:73) ~[junit-platform-engine-1.7.0.jar:1.7.0]
	at org.junit.platform.engine.support.hierarchical.NodeTestTask.executeRecursively(NodeTestTask.java:126) ~[junit-platform-engine-1.7.0.jar:1.7.0]
	at org.junit.platform.engine.support.hierarchical.NodeTestTask.execute(NodeTestTask.java:84) ~[junit-platform-engine-1.7.0.jar:1.7.0]
	at java.util.ArrayList.forEach(ArrayList.java:1249) ~[na:1.8.0_101]
	at org.junit.platform.engine.support.hierarchical.SameThreadHierarchicalTestExecutorService.invokeAll(SameThreadHierarchicalTestExecutorService.java:38) ~[junit-platform-engine-1.7.0.jar:1.7.0]
	at org.junit.platform.engine.support.hierarchical.NodeTestTask.lambda$executeRecursively$5(NodeTestTask.java:143) ~[junit-platform-engine-1.7.0.jar:1.7.0]
	at org.junit.platform.engine.support.hierarchical.ThrowableCollector.execute(ThrowableCollector.java:73) ~[junit-platform-engine-1.7.0.jar:1.7.0]
	at org.junit.platform.engine.support.hierarchical.NodeTestTask.lambda$executeRecursively$7(NodeTestTask.java:129) ~[junit-platform-engine-1.7.0.jar:1.7.0]
	at org.junit.platform.engine.support.hierarchical.Node.around(Node.java:137) ~[junit-platform-engine-1.7.0.jar:1.7.0]
	at org.junit.platform.engine.support.hierarchical.NodeTestTask.lambda$executeRecursively$8(NodeTestTask.java:127) ~[junit-platform-engine-1.7.0.jar:1.7.0]
	at org.junit.platform.engine.support.hierarchical.ThrowableCollector.execute(ThrowableCollector.java:73) ~[junit-platform-engine-1.7.0.jar:1.7.0]
	at org.junit.platform.engine.support.hierarchical.NodeTestTask.executeRecursively(NodeTestTask.java:126) ~[junit-platform-engine-1.7.0.jar:1.7.0]
	at org.junit.platform.engine.support.hierarchical.NodeTestTask.execute(NodeTestTask.java:84) ~[junit-platform-engine-1.7.0.jar:1.7.0]
	at org.junit.platform.engine.support.hierarchical.SameThreadHierarchicalTestExecutorService.submit(SameThreadHierarchicalTestExecutorService.java:32) ~[junit-platform-engine-1.7.0.jar:1.7.0]
	at org.junit.platform.engine.support.hierarchical.HierarchicalTestExecutor.execute(HierarchicalTestExecutor.java:57) ~[junit-platform-engine-1.7.0.jar:1.7.0]
	at org.junit.platform.engine.support.hierarchical.HierarchicalTestEngine.execute(HierarchicalTestEngine.java:51) ~[junit-platform-engine-1.7.0.jar:1.7.0]
	at org.junit.platform.launcher.core.EngineExecutionOrchestrator.execute(EngineExecutionOrchestrator.java:108) ~[junit-platform-launcher-1.7.0.jar:1.7.0]
	at org.junit.platform.launcher.core.EngineExecutionOrchestrator.execute(EngineExecutionOrchestrator.java:88) ~[junit-platform-launcher-1.7.0.jar:1.7.0]
	at org.junit.platform.launcher.core.EngineExecutionOrchestrator.lambda$execute$0(EngineExecutionOrchestrator.java:54) ~[junit-platform-launcher-1.7.0.jar:1.7.0]
	at org.junit.platform.launcher.core.EngineExecutionOrchestrator.withInterceptedStreams(EngineExecutionOrchestrator.java:67) ~[junit-platform-launcher-1.7.0.jar:1.7.0]
	at org.junit.platform.launcher.core.EngineExecutionOrchestrator.execute(EngineExecutionOrchestrator.java:52) ~[junit-platform-launcher-1.7.0.jar:1.7.0]
	at org.junit.platform.launcher.core.DefaultLauncher.execute(DefaultLauncher.java:96) ~[junit-platform-launcher-1.7.0.jar:1.7.0]
	at org.junit.platform.launcher.core.DefaultLauncher.execute(DefaultLauncher.java:75) ~[junit-platform-launcher-1.7.0.jar:1.7.0]
	at org.apache.maven.surefire.junitplatform.JUnitPlatformProvider.invokeAllTests(JUnitPlatformProvider.java:150) ~[surefire-junit-platform-2.22.2.jar:2.22.2]
	at org.apache.maven.surefire.junitplatform.JUnitPlatformProvider.invoke(JUnitPlatformProvider.java:124) ~[surefire-junit-platform-2.22.2.jar:2.22.2]
	at org.apache.maven.surefire.booter.ForkedBooter.invokeProviderInSameClassLoader(ForkedBooter.java:384) ~[surefire-booter-2.22.2.jar:2.22.2]
	at org.apache.maven.surefire.booter.ForkedBooter.runSuitesInProcess(ForkedBooter.java:345) ~[surefire-booter-2.22.2.jar:2.22.2]
	at org.apache.maven.surefire.booter.ForkedBooter.execute(ForkedBooter.java:126) ~[surefire-booter-2.22.2.jar:2.22.2]
	at org.apache.maven.surefire.booter.ForkedBooter.main(ForkedBooter.java:418) ~[surefire-booter-2.22.2.jar:2.22.2]
Caused by: org.springframework.beans.factory.UnsatisfiedDependencyException: Error creating bean with name 'securityConfig': Unsatisfied dependency expressed through field 'adminService'; nested exception is org.springframework.beans.factory.UnsatisfiedDependencyException: Error creating bean with name 'umsAdminServiceImpl': Unsatisfied dependency expressed through field 'adminCacheService'; nested exception is org.springframework.beans.factory.BeanCreationException: Error creating bean with name 'umsAdminCacheServiceImpl': Injection of autowired dependencies failed; nested exception is java.lang.IllegalArgumentException: Could not resolve placeholder 'redis.database' in value "${redis.database}"
	at org.springframework.beans.factory.annotation.AutowiredAnnotationBeanPostProcessor$AutowiredFieldElement.inject(AutowiredAnnotationBeanPostProcessor.java:643) ~[spring-beans-5.3.1.jar:5.3.1]
	at org.springframework.beans.factory.annotation.InjectionMetadata.inject(InjectionMetadata.java:119) ~[spring-beans-5.3.1.jar:5.3.1]
	at org.springframework.beans.factory.annotation.AutowiredAnnotationBeanPostProcessor.postProcessProperties(AutowiredAnnotationBeanPostProcessor.java:399) ~[spring-beans-5.3.1.jar:5.3.1]
	at org.springframework.beans.factory.support.AbstractAutowireCapableBeanFactory.populateBean(AbstractAutowireCapableBeanFactory.java:1415) ~[spring-beans-5.3.1.jar:5.3.1]
	at org.springframework.beans.factory.support.AbstractAutowireCapableBeanFactory.doCreateBean(AbstractAutowireCapableBeanFactory.java:608) ~[spring-beans-5.3.1.jar:5.3.1]
	at org.springframework.beans.factory.support.AbstractAutowireCapableBeanFactory.createBean(AbstractAutowireCapableBeanFactory.java:531) ~[spring-beans-5.3.1.jar:5.3.1]
	at org.springframework.beans.factory.support.AbstractBeanFactory.lambda$doGetBean$0(AbstractBeanFactory.java:335) ~[spring-beans-5.3.1.jar:5.3.1]
	at org.springframework.beans.factory.support.DefaultSingletonBeanRegistry.getSingleton(DefaultSingletonBeanRegistry.java:234) ~[spring-beans-5.3.1.jar:5.3.1]
	at org.springframework.beans.factory.support.AbstractBeanFactory.doGetBean(AbstractBeanFactory.java:333) ~[spring-beans-5.3.1.jar:5.3.1]
	at org.springframework.beans.factory.support.AbstractBeanFactory.getBean(AbstractBeanFactory.java:208) ~[spring-beans-5.3.1.jar:5.3.1]
	at org.springframework.beans.factory.support.DefaultListableBeanFactory.preInstantiateSingletons(DefaultListableBeanFactory.java:944) ~[spring-beans-5.3.1.jar:5.3.1]
	at org.springframework.context.support.AbstractApplicationContext.finishBeanFactoryInitialization(AbstractApplicationContext.java:925) ~[spring-context-5.3.1.jar:5.3.1]
	at org.springframework.context.support.AbstractApplicationContext.refresh(AbstractApplicationContext.java:588) ~[spring-context-5.3.1.jar:5.3.1]
	at org.springframework.boot.SpringApplication.refresh(SpringApplication.java:767) ~[spring-boot-2.4.0.jar:2.4.0]
	at org.springframework.boot.SpringApplication.refresh(SpringApplication.java:759) ~[spring-boot-2.4.0.jar:2.4.0]
	at org.springframework.boot.SpringApplication.refreshContext(SpringApplication.java:426) ~[spring-boot-2.4.0.jar:2.4.0]
	at org.springframework.boot.SpringApplication.run(SpringApplication.java:326) ~[spring-boot-2.4.0.jar:2.4.0]
	at org.springframework.boot.test.context.SpringBootContextLoader.loadContext(SpringBootContextLoader.java:122) ~[spring-boot-test-2.4.0.jar:2.4.0]
	at org.springframework.test.context.cache.DefaultCacheAwareContextLoaderDelegate.loadContextInternal(DefaultCacheAwareContextLoaderDelegate.java:99) ~[spring-test-5.3.1.jar:5.3.1]
	at org.springframework.test.context.cache.DefaultCacheAwareContextLoaderDelegate.loadContext(DefaultCacheAwareContextLoaderDelegate.java:124) ~[spring-test-5.3.1.jar:5.3.1]
	... 69 common frames omitted
Caused by: org.springframework.beans.factory.UnsatisfiedDependencyException: Error creating bean with name 'umsAdminServiceImpl': Unsatisfied dependency expressed through field 'adminCacheService'; nested exception is org.springframework.beans.factory.BeanCreationException: Error creating bean with name 'umsAdminCacheServiceImpl': Injection of autowired dependencies failed; nested exception is java.lang.IllegalArgumentException: Could not resolve placeholder 'redis.database' in value "${redis.database}"
	at org.springframework.beans.factory.annotation.AutowiredAnnotationBeanPostProcessor$AutowiredFieldElement.inject(AutowiredAnnotationBeanPostProcessor.java:643) ~[spring-beans-5.3.1.jar:5.3.1]
	at org.springframework.beans.factory.annotation.InjectionMetadata.inject(InjectionMetadata.java:119) ~[spring-beans-5.3.1.jar:5.3.1]
	at org.springframework.beans.factory.annotation.AutowiredAnnotationBeanPostProcessor.postProcessProperties(AutowiredAnnotationBeanPostProcessor.java:399) ~[spring-beans-5.3.1.jar:5.3.1]
	at org.springframework.beans.factory.support.AbstractAutowireCapableBeanFactory.populateBean(AbstractAutowireCapableBeanFactory.java:1415) ~[spring-beans-5.3.1.jar:5.3.1]
	at org.springframework.beans.factory.support.AbstractAutowireCapableBeanFactory.doCreateBean(AbstractAutowireCapableBeanFactory.java:608) ~[spring-beans-5.3.1.jar:5.3.1]
	at org.springframework.beans.factory.support.AbstractAutowireCapableBeanFactory.createBean(AbstractAutowireCapableBeanFactory.java:531) ~[spring-beans-5.3.1.jar:5.3.1]
	at org.springframework.beans.factory.support.AbstractBeanFactory.lambda$doGetBean$0(AbstractBeanFactory.java:335) ~[spring-beans-5.3.1.jar:5.3.1]
	at org.springframework.beans.factory.support.DefaultSingletonBeanRegistry.getSingleton(DefaultSingletonBeanRegistry.java:234) ~[spring-beans-5.3.1.jar:5.3.1]
	at org.springframework.beans.factory.support.AbstractBeanFactory.doGetBean(AbstractBeanFactory.java:333) ~[spring-beans-5.3.1.jar:5.3.1]
	at org.springframework.beans.factory.support.AbstractBeanFactory.getBean(AbstractBeanFactory.java:208) ~[spring-beans-5.3.1.jar:5.3.1]
	at org.springframework.beans.factory.config.DependencyDescriptor.resolveCandidate(DependencyDescriptor.java:276) ~[spring-beans-5.3.1.jar:5.3.1]
	at org.springframework.beans.factory.support.DefaultListableBeanFactory.doResolveDependency(DefaultListableBeanFactory.java:1367) ~[spring-beans-5.3.1.jar:5.3.1]
	at org.springframework.beans.factory.support.DefaultListableBeanFactory.resolveDependency(DefaultListableBeanFactory.java:1287) ~[spring-beans-5.3.1.jar:5.3.1]
	at org.springframework.beans.factory.annotation.AutowiredAnnotationBeanPostProcessor$AutowiredFieldElement.inject(AutowiredAnnotationBeanPostProcessor.java:640) ~[spring-beans-5.3.1.jar:5.3.1]
	... 88 common frames omitted
Caused by: org.springframework.beans.factory.BeanCreationException: Error creating bean with name 'umsAdminCacheServiceImpl': Injection of autowired dependencies failed; nested exception is java.lang.IllegalArgumentException: Could not resolve placeholder 'redis.database' in value "${redis.database}"
	at org.springframework.beans.factory.annotation.AutowiredAnnotationBeanPostProcessor.postProcessProperties(AutowiredAnnotationBeanPostProcessor.java:405) ~[spring-beans-5.3.1.jar:5.3.1]
	at org.springframework.beans.factory.support.AbstractAutowireCapableBeanFactory.populateBean(AbstractAutowireCapableBeanFactory.java:1415) ~[spring-beans-5.3.1.jar:5.3.1]
	at org.springframework.beans.factory.support.AbstractAutowireCapableBeanFactory.doCreateBean(AbstractAutowireCapableBeanFactory.java:608) ~[spring-beans-5.3.1.jar:5.3.1]
	at org.springframework.beans.factory.support.AbstractAutowireCapableBeanFactory.createBean(AbstractAutowireCapableBeanFactory.java:531) ~[spring-beans-5.3.1.jar:5.3.1]
	at org.springframework.beans.factory.support.AbstractBeanFactory.lambda$doGetBean$0(AbstractBeanFactory.java:335) ~[spring-beans-5.3.1.jar:5.3.1]
	at org.springframework.beans.factory.support.DefaultSingletonBeanRegistry.getSingleton(DefaultSingletonBeanRegistry.java:234) ~[spring-beans-5.3.1.jar:5.3.1]
	at org.springframework.beans.factory.support.AbstractBeanFactory.doGetBean(AbstractBeanFactory.java:333) ~[spring-beans-5.3.1.jar:5.3.1]
	at org.springframework.beans.factory.support.AbstractBeanFactory.getBean(AbstractBeanFactory.java:208) ~[spring-beans-5.3.1.jar:5.3.1]
	at org.springframework.beans.factory.config.DependencyDescriptor.resolveCandidate(DependencyDescriptor.java:276) ~[spring-beans-5.3.1.jar:5.3.1]
	at org.springframework.beans.factory.support.DefaultListableBeanFactory.doResolveDependency(DefaultListableBeanFactory.java:1367) ~[spring-beans-5.3.1.jar:5.3.1]
	at org.springframework.beans.factory.support.DefaultListableBeanFactory.resolveDependency(DefaultListableBeanFactory.java:1287) ~[spring-beans-5.3.1.jar:5.3.1]
	at org.springframework.beans.factory.annotation.AutowiredAnnotationBeanPostProcessor$AutowiredFieldElement.inject(AutowiredAnnotationBeanPostProcessor.java:640) ~[spring-beans-5.3.1.jar:5.3.1]
	... 101 common frames omitted
Caused by: java.lang.IllegalArgumentException: Could not resolve placeholder 'redis.database' in value "${redis.database}"
	at org.springframework.util.PropertyPlaceholderHelper.parseStringValue(PropertyPlaceholderHelper.java:178) ~[spring-core-5.3.1.jar:5.3.1]
	at org.springframework.util.PropertyPlaceholderHelper.replacePlaceholders(PropertyPlaceholderHelper.java:124) ~[spring-core-5.3.1.jar:5.3.1]
	at org.springframework.core.env.AbstractPropertyResolver.doResolvePlaceholders(AbstractPropertyResolver.java:239) ~[spring-core-5.3.1.jar:5.3.1]
	at org.springframework.core.env.AbstractPropertyResolver.resolveRequiredPlaceholders(AbstractPropertyResolver.java:210) ~[spring-core-5.3.1.jar:5.3.1]
	at org.springframework.context.support.PropertySourcesPlaceholderConfigurer.lambda$processProperties$0(PropertySourcesPlaceholderConfigurer.java:175) ~[spring-context-5.3.1.jar:5.3.1]
	at org.springframework.beans.factory.support.AbstractBeanFactory.resolveEmbeddedValue(AbstractBeanFactory.java:931) ~[spring-beans-5.3.1.jar:5.3.1]
	at org.springframework.beans.factory.support.DefaultListableBeanFactory.doResolveDependency(DefaultListableBeanFactory.java:1308) ~[spring-beans-5.3.1.jar:5.3.1]
	at org.springframework.beans.factory.support.DefaultListableBeanFactory.resolveDependency(DefaultListableBeanFactory.java:1287) ~[spring-beans-5.3.1.jar:5.3.1]
	at org.springframework.beans.factory.annotation.AutowiredAnnotationBeanPostProcessor$AutowiredFieldElement.inject(AutowiredAnnotationBeanPostProcessor.java:640) ~[spring-beans-5.3.1.jar:5.3.1]
	at org.springframework.beans.factory.annotation.InjectionMetadata.inject(InjectionMetadata.java:119) ~[spring-beans-5.3.1.jar:5.3.1]
	at org.springframework.beans.factory.annotation.AutowiredAnnotationBeanPostProcessor.postProcessProperties(AutowiredAnnotationBeanPostProcessor.java:399) ~[spring-beans-5.3.1.jar:5.3.1]
	... 112 common frames omitted

]]></system-out>
  </testcase>
</testsuite>